\BOOKMARK [0][-]{chapter.1}{\376\377\000C\000h\000a\000p\000t\000e\000r\000\040\0001\000:\000\040\000I\000N\000S\000E\000R\000T\000\040\000T\000I\000T\000L\000E}{}% 1
\BOOKMARK [1][-]{section.1.1}{\376\377\000I\000n\000t\000r\000o\000d\000u\000c\000t\000i\000o\000n}{chapter.1}% 2
\BOOKMARK [1][-]{section.1.2}{\376\377\000G\000e\000n\000d\000e\000r\000\040\000g\000a\000p\000s\000\040\000p\000e\000r\000s\000i\000s\000t\000\040\000d\000e\000s\000p\000i\000t\000e\000\040\000w\000o\000m\000e\000n\000'\000s\000\040\000s\000u\000c\000c\000e\000s\000s\000\040\000i\000n\000\040\000e\000d\000u\000c\000a\000t\000i\000o\000n\000\040\000-\000\040\000r\000e\000s\000e\000a\000r\000c\000h\000e\000r\000s\000\040\000a\000r\000e\000\040\000f\000o\000c\000u\000s\000i\000n\000g\000\040\000o\000n\000\040\000p\000s\000y\000c\000h\000o\000l\000o\000g\000i\000c\000a\000l\000\040\000d\000i\000f\000f\000e\000r\000e\000n\000c\000e\000s\000,\000\040\000s\000u\000c\000h\000\040\000a\000s\000\040\000c\000o\000m\000p\000e\000t\000i\000t\000i\000o\000n\000\040\000p\000r\000e\000f\000e\000r\000e\000n\000c\000e\000s\000,\000\040\000a\000s\000\040\000e\000x\000p\000l\000a\000n\000a\000t\000i\000o\000n}{chapter.1}% 3
\BOOKMARK [1][-]{section.1.3}{\376\377\000O\000v\000e\000r\000v\000i\000e\000w\000\040\000o\000f\000\040\000l\000i\000t\000\040\000o\000n\000\040\000c\000h\000o\000i\000c\000e\000\040\000t\000o\000\040\000c\000o\000m\000p\000e\000t\000e\000\040\000-\000\040\000n\000i\000e\000d\000e\000r\000l\000e\0002\0000\0000\0007\000,\000\040\000r\000e\000p\000l\000i\000c\000a\000t\000i\000o\000n\000s\000,\000\040\000t\000a\000s\000k\000\040\000t\000y\000p\000e\000\040\000e\000f\000f\000e\000c\000t\000s}{chapter.1}% 4
\BOOKMARK [1][-]{section.1.4}{\376\377\000C\000h\000o\000i\000c\000e\000\040\000t\000o\000\040\000c\000o\000m\000p\000e\000t\000e\000\040\000a\000s\000\040\000m\000e\000a\000s\000u\000r\000e\000d\000\040\000i\000n\000\040\000l\000i\000t\000\040\000p\000r\000e\000d\000i\000c\000t\000s\000\040\000r\000e\000a\000l\000\040\000w\000o\000r\000l\000d\000\040\000o\000u\000t\000c\000o\000m\000e\000s\000,\000\040\000s\000o\000\040\000i\000n\000t\000e\000r\000v\000e\000n\000t\000i\000o\000n\000s\000\040\000m\000a\000y\000\040\000r\000e\000d\000u\000c\000e\000\040\000g\000e\000n\000d\000e\000r\000\040\000g\000a\000p\000s}{chapter.1}% 5
\BOOKMARK [1][-]{section.1.5}{\376\377\000R\000i\000s\000k\000\040\000a\000t\000t\000i\000t\000u\000d\000e\000\040\000a\000n\000d\000\040\000c\000o\000n\000f\000i\000d\000e\000n\000c\000e\000\040\000a\000s\000\040\000p\000r\000o\000p\000o\000s\000e\000d\000\040\000m\000e\000c\000h\000a\000n\000i\000s\000m\000s\000\040\000f\000o\000r\000\040\000g\000e\000n\000d\000e\000r\000\040\000d\000i\000f\000f\000e\000r\000e\000n\000c\000e\000\040\000i\000n\000\040\000c\000o\000m\000p\000e\000t\000i\000t\000i\000v\000e\000n\000e\000s\000s}{chapter.1}% 6
\BOOKMARK [2][-]{subsection.1.5.1}{\376\377\000G\000e\000n\000d\000e\000r\000\040\000d\000i\000f\000f\000e\000r\000e\000n\000c\000e\000s\000\040\000i\000n\000\040\000c\000o\000n\000f\000i\000d\000e\000n\000c\000e}{section.1.5}% 7
\BOOKMARK [2][-]{subsection.1.5.2}{\376\377\000G\000e\000n\000d\000e\000r\000\040\000d\000i\000f\000f\000e\000r\000e\000n\000c\000e\000s\000\040\000i\000n\000\040\000r\000i\000s\000k\000\040\000a\000t\000t\000i\000t\000u\000d\000e}{section.1.5}% 8
\BOOKMARK [1][-]{section.1.6}{\376\377\000W\000h\000y\000\040\000p\000r\000e\000p\000a\000r\000a\000t\000i\000o\000n\000\040\000m\000a\000y\000\040\000e\000l\000i\000m\000i\000n\000a\000t\000e\000\040\000g\000e\000n\000d\000e\000r\000\040\000g\000a\000p\000\040\000i\000n\000\040\000c\000o\000m\000p\000e\000t\000i\000t\000i\000v\000e\000n\000e\000s\000s\000\040\000b\000y\000\040\000c\000h\000a\000n\000g\000i\000n\000g\000\040\000c\000o\000n\000f\000i\000d\000e\000n\000c\000e\000\040\000a\000n\000d\000/\000o\000r\000\040\000r\000i\000s\000k\000\040\000a\000t\000t\000i\000t\000u\000d\000e}{chapter.1}% 9
\BOOKMARK [1][-]{section.1.7}{\376\377\000P\000r\000e\000v\000i\000o\000u\000s\000\040\000l\000i\000t\000e\000r\000a\000t\000u\000r\000e\000\040\000l\000o\000o\000k\000i\000n\000g\000\040\000a\000t\000\040\000p\000r\000e\000p\000a\000r\000a\000t\000i\000o\000n\000\040\000o\000n\000\040\000c\000o\000m\000p\000e\000t\000i\000t\000i\000o\000n\000\040\000e\000n\000t\000r\000y}{chapter.1}% 10
\BOOKMARK [1][-]{section.1.8}{\376\377\000T\000h\000e\000\040\000c\000u\000r\000r\000e\000n\000t\000\040\000e\000x\000p\000e\000r\000i\000m\000e\000n\000t\000s}{chapter.1}% 11
\BOOKMARK [1][-]{section.1.9}{\376\377\000S\000t\000u\000d\000y\000\040\0001}{chapter.1}% 12
\BOOKMARK [2][-]{subsection.1.9.1}{\376\377\000M\000e\000t\000h\000o\000d\000s}{section.1.9}% 13
\BOOKMARK [2][-]{subsection.1.9.2}{\376\377\000R\000e\000s\000u\000l\000t\000s}{section.1.9}% 14
\BOOKMARK [2][-]{subsection.1.9.3}{\376\377\000D\000i\000s\000c\000u\000s\000s\000i\000o\000n}{section.1.9}% 15
\BOOKMARK [1][-]{section.1.10}{\376\377\000S\000u\000m\000m\000a\000r\000y\000\040\000o\000f\000\040\000m\000a\000i\000n\000\040\000e\000x\000p\000e\000r\000i\000m\000e\000n\000t\000a\000l\000\040\000r\000e\000s\000u\000l\000t\000s}{chapter.1}% 16
\BOOKMARK [1][-]{section.1.11}{\376\377\000S\000u\000m\000m\000a\000r\000y\000\040\000o\000f\000\040\000p\000e\000r\000c\000e\000p\000t\000i\000o\000n\000\040\000v\000a\000r\000i\000a\000b\000l\000e\000s}{chapter.1}% 17
\BOOKMARK [1][-]{section.1.12}{\376\377\000A\000d\000d\000i\000t\000i\000o\000n\000a\000l\000\040\000f\000i\000n\000d\000i\000n\000g\000s}{chapter.1}% 18
\BOOKMARK [1][-]{section.1.13}{\376\377\000S\000t\000u\000d\000y\000\040\0002}{chapter.1}% 19
\BOOKMARK [2][-]{subsection.1.13.1}{\376\377\000M\000e\000t\000h\000o\000d\000s}{section.1.13}% 20
\BOOKMARK [2][-]{subsection.1.13.2}{\376\377\000R\000e\000s\000u\000l\000t\000s}{section.1.13}% 21
\BOOKMARK [2][-]{subsection.1.13.3}{\376\377\000D\000i\000s\000c\000u\000s\000s\000i\000o\000n}{section.1.13}% 22
\BOOKMARK [1][-]{section.1.14}{\376\377\000S\000t\000u\000d\000y\000\040\0003}{chapter.1}% 23
\BOOKMARK [2][-]{subsection.1.14.1}{\376\377\000M\000e\000t\000h\000o\000d\000s}{section.1.14}% 24
\BOOKMARK [2][-]{subsection.1.14.2}{\376\377\000R\000e\000s\000u\000l\000t\000s}{section.1.14}% 25
\BOOKMARK [1][-]{section.1.15}{\376\377\000C\000o\000n\000t\000r\000a\000s\000t\000i\000n\000g\000\040\000r\000e\000s\000u\000l\000t\000s\000\040\000w\000i\000t\000h\000\040\000p\000r\000e\000v\000i\000o\000u\000s\000l\000y\000\040\000f\000o\000u\000n\000d\000\040\000e\000f\000f\000e\000c\000t\000s\000\040\000-\000\040\000g\000e\000n\000d\000e\000r\000\040\000e\000f\000f\000e\000c\000t\000s\000\040\000o\000n\000\040\000r\000i\000s\000k\000\040\000a\000t\000t\000i\000t\000u\000d\000e\000s\000,\000\040\000c\000o\000n\000f\000i\000d\000e\000n\000c\000e\000,\000\040\000c\000h\000o\000i\000c\000e\000\040\000t\000o\000\040\000c\000o\000m\000p\000e\000t\000e\000,\000\040\000a\000n\000d\000\040\000p\000e\000r\000f\000o\000r\000m\000a\000n\000c\000e}{chapter.1}% 26
\BOOKMARK [1][-]{section.1.16}{\376\377\000M\000a\000i\000n\000\040\000e\000f\000f\000e\000c\000t\000s\000\040\000o\000f\000\040\000c\000o\000n\000d\000i\000t\000i\000o\000n\000\040\000o\000n\000\040\000c\000h\000o\000i\000c\000e\000\040\000t\000o\000\040\000c\000o\000m\000p\000e\000t\000e\000\040\000\046\000\040\000r\000e\000l\000a\000t\000e\000d\000\040\000e\000x\000p\000l\000o\000r\000a\000t\000o\000r\000y\000\040\000a\000n\000a\000l\000y\000s\000e\000s}{chapter.1}% 27
\BOOKMARK [1][-]{section.1.17}{\376\377\000V\000a\000l\000i\000d\000a\000t\000i\000n\000g\000\040\000t\000h\000e\000\040\000p\000e\000r\000c\000e\000i\000v\000e\000d\000\040\000u\000t\000i\000l\000i\000t\000y\000\040\000o\000f\000\040\000p\000r\000e\000p\000a\000r\000a\000t\000i\000o\000n\000\040\000c\000o\000n\000d\000i\000t\000i\000o\000n\000\040\000o\000v\000e\000r\000\040\000c\000o\000n\000t\000r\000o\000l\000\040\000c\000o\000n\000d\000i\000t\000i\000o\000n}{chapter.1}% 28
\BOOKMARK [1][-]{section.1.18}{\376\377\000G\000e\000n\000d\000e\000r\000\040\000d\000i\000f\000f\000e\000r\000e\000n\000c\000e\000s\000\040\000i\000n\000\040\000t\000h\000e\000\040\000d\000e\000c\000i\000s\000i\000o\000n\000\040\000t\000o\000\040\000p\000r\000a\000c\000t\000i\000c\000e}{chapter.1}% 29
\BOOKMARK [1][-]{section.1.19}{\376\377\000P\000e\000r\000c\000e\000p\000t\000i\000o\000n\000s\000\040\000o\000f\000\040\000g\000e\000n\000d\000e\000r\000\040\000d\000i\000f\000f\000e\000r\000e\000n\000c\000e\000s\000\040\000i\000n\000\040\000p\000e\000r\000f\000o\000r\000m\000a\000n\000c\000e\000,\000\040\000c\000o\000m\000p\000e\000t\000i\000t\000i\000o\000n\000,\000\040\000a\000n\000d\000\040\000p\000r\000e\000p\000a\000r\000a\000t\000i\000o\000n}{chapter.1}% 30
\BOOKMARK [2][-]{subsection.1.19.1}{\376\377\000D\000i\000s\000c\000u\000s\000s\000i\000o\000n}{section.1.19}% 31
\BOOKMARK [1][-]{section.1.20}{\376\377\000D\000i\000s\000c\000u\000s\000s\000i\000o\000n}{chapter.1}% 32
\BOOKMARK [1][-]{section.1.21}{\376\377\000D\000e\000s\000c\000r\000i\000b\000i\000n\000g\000\040\000g\000o\000a\000l\000s\000\040\000o\000f\000\040\000r\000e\000s\000e\000a\000r\000c\000h\000\040\000a\000n\000d\000\040\000m\000a\000i\000n\000\040\000d\000e\000s\000c\000r\000i\000p\000t\000i\000v\000e\000\040\000f\000i\000n\000d\000i\000n\000g\000s}{chapter.1}% 33
\BOOKMARK [1][-]{section.1.22}{\376\377\000S\000u\000m\000m\000a\000r\000i\000z\000i\000n\000g\000\040\000e\000f\000f\000e\000c\000t\000s\000\040\000o\000f\000\040\000g\000e\000n\000d\000e\000r\000\040\000o\000n\000\040\000p\000r\000a\000c\000t\000i\000c\000e}{chapter.1}% 34
\BOOKMARK [2][-]{subsection.1.22.1}{\376\377\000P\000o\000s\000s\000i\000b\000l\000e\000\040\000r\000e\000a\000s\000o\000n\000s\000\040\000f\000o\000r\000\040\000S\000t\000u\000d\000y\000\040\0003\000\040\000d\000e\000v\000i\000a\000t\000i\000o\000n}{section.1.22}% 35
\BOOKMARK [2][-]{subsection.1.22.2}{\376\377\000D\000e\000s\000c\000r\000i\000b\000i\000n\000g\000\040\000p\000r\000e\000v\000i\000o\000u\000s\000\040\000l\000i\000t\000e\000r\000a\000t\000u\000r\000e\000\040\000w\000i\000t\000h\000\040\000s\000i\000m\000i\000l\000a\000r\000\040\000e\000f\000f\000e\000c\000t\000s}{section.1.22}% 36
\BOOKMARK [2][-]{subsection.1.22.3}{\376\377\000P\000o\000s\000s\000i\000b\000l\000e\000\040\000e\000x\000p\000l\000a\000n\000a\000t\000i\000o\000n\000s\000\040\000f\000o\000r\000\040\000t\000h\000e\000\040\000g\000e\000n\000d\000e\000r\000\040\000d\000i\000f\000f\000e\000r\000e\000n\000c\000e\000\040\000i\000n\000\040\000p\000r\000e\000p\000a\000r\000a\000t\000i\000o\000n}{section.1.22}% 37
\BOOKMARK [1][-]{section.1.23}{\376\377\000S\000u\000m\000m\000a\000r\000i\000z\000i\000n\000g\000\040\000e\000f\000f\000e\000c\000t\000s\000\040\000o\000f\000\040\000p\000r\000e\000p\000a\000r\000a\000t\000i\000o\000n\000\040\000c\000o\000n\000d\000i\000t\000i\000o\000n\000\040\000o\000n\000\040\000c\000h\000o\000i\000c\000e\000\040\000t\000o\000\040\000c\000o\000m\000p\000e\000t\000e}{chapter.1}% 38
\BOOKMARK [1][-]{section.1.24}{\376\377\000S\000u\000m\000m\000a\000r\000y\000\040\000o\000f\000\040\000e\000f\000f\000e\000c\000t\000s\000\040\000o\000f\000\040\000p\000e\000r\000c\000e\000p\000t\000i\000o\000n\000s\000\040\000o\000f\000\040\000g\000e\000n\000d\000e\000r\000\040\000d\000i\000f\000f\000e\000r\000e\000n\000c\000e\000s}{chapter.1}% 39
\BOOKMARK [1][-]{section.1.25}{\376\377\000S\000u\000m\000m\000a\000r\000y}{chapter.1}% 40
\BOOKMARK [1][-]{section.1.26}{\376\377\000F\000i\000g\000u\000r\000e\000s}{chapter.1}% 41
\BOOKMARK [1][-]{section.1.27}{\376\377\000S\000t\000u\000d\000y\000\040\0001}{chapter.1}% 42
\BOOKMARK [1][-]{section.1.28}{\376\377\000S\000t\000u\000d\000y\000\040\0002}{chapter.1}% 43
\BOOKMARK [1][-]{section.1.29}{\376\377\000S\000t\000u\000d\000y\000\040\0003}{chapter.1}% 44
