This is pdfTeX, Version 3.141592653-2.6-1.40.23 (TeX Live 2021/W32TeX) (preloaded format=pdflatex 2022.3.17)  29 MAR 2022 13:17
entering extended mode
 restricted \write18 enabled.
 %&-line parsing enabled.
**01-chapter1.tex
(./01-chapter1.tex
LaTeX2e <2021-11-15> patch level 1
L3 programming layer <2022-02-24> (./templates/ociamthesis.cls
Document Class: templates/ociamthesis 2015/04/30 Oxford thesis class
(c:/Users/keana/AppData/Roaming/TinyTeX/texmf-dist/tex/latex/base/report.cls
Document Class: report 2021/10/04 v1.4n Standard LaTeX document class
(c:/Users/keana/AppData/Roaming/TinyTeX/texmf-dist/tex/latex/base/size12.clo
File: size12.clo 2021/10/04 v1.4n Standard LaTeX file (size option)
)
\c@part=\count185
\c@chapter=\count186
\c@section=\count187
\c@subsection=\count188
\c@subsubsection=\count189
\c@paragraph=\count190
\c@subparagraph=\count191
\c@figure=\count192
\c@table=\count193
\abovecaptionskip=\skip47
\belowcaptionskip=\skip48
\bibindent=\dimen138
)
\singlebaselineskip=\skip49
\frontmatterbaselineskip=\skip50
\textbaselineskip=\skip51
\abstractseparatelineskip=\skip52
\abstractseparateparskip=\skip53

(c:/Users/keana/AppData/Roaming/TinyTeX/texmf-dist/tex/latex/varwidth/varwidth.
sty
Package: varwidth 2009/03/30 ver 0.92;  Variable-width minipages
\@vwid@box=\box50
\sift@deathcycles=\count194
\@vwid@loff=\dimen139
\@vwid@roff=\dimen140
)
(c:/Users/keana/AppData/Roaming/TinyTeX/texmf-dist/tex/latex/geometry/geometry.
sty
Package: geometry 2020/01/02 v5.9 Page Geometry

(c:/Users/keana/AppData/Roaming/TinyTeX/texmf-dist/tex/latex/graphics/keyval.st
y
Package: keyval 2014/10/28 v1.15 key=value parser (DPC)
\KV@toks@=\toks16
)
(c:/Users/keana/AppData/Roaming/TinyTeX/texmf-dist/tex/generic/iftex/ifvtex.sty
Package: ifvtex 2019/10/25 v1.7 ifvtex legacy package. Use iftex instead.
(c:/Users/keana/AppData/Roaming/TinyTeX/texmf-dist/tex/generic/iftex/iftex.sty
Package: iftex 2022/02/03 v1.0f TeX engine tests
))
\Gm@cnth=\count195
\Gm@cntv=\count196
\c@Gm@tempcnt=\count197
\Gm@bindingoffset=\dimen141
\Gm@wd@mp=\dimen142
\Gm@odd@mp=\dimen143
\Gm@even@mp=\dimen144
\Gm@layoutwidth=\dimen145
\Gm@layoutheight=\dimen146
\Gm@layouthoffset=\dimen147
\Gm@layoutvoffset=\dimen148
\Gm@dimlist=\toks17
) (c:/Users/keana/AppData/Roaming/TinyTeX/texmf-dist/tex/latex/xcolor/xcolor.st
y
Package: xcolor 2021/10/31 v2.13 LaTeX color extensions (UK)

(c:/Users/keana/AppData/Roaming/TinyTeX/texmf-dist/tex/latex/graphics-cfg/color
.cfg
File: color.cfg 2016/01/02 v1.6 sample color configuration
)
Package xcolor Info: Driver file: pdftex.def on input line 227.

(c:/Users/keana/AppData/Roaming/TinyTeX/texmf-dist/tex/latex/graphics-def/pdfte
x.def
File: pdftex.def 2020/10/05 v1.2a Graphics/color driver for pdftex
)
Package xcolor Info: Model `cmy' substituted by `cmy0' on input line 1352.
Package xcolor Info: Model `hsb' substituted by `rgb' on input line 1356.
Package xcolor Info: Model `RGB' extended on input line 1368.
Package xcolor Info: Model `HTML' substituted by `rgb' on input line 1370.
Package xcolor Info: Model `Hsb' substituted by `hsb' on input line 1371.
Package xcolor Info: Model `tHsb' substituted by `hsb' on input line 1372.
Package xcolor Info: Model `HSB' substituted by `hsb' on input line 1373.
Package xcolor Info: Model `Gray' substituted by `gray' on input line 1374.
Package xcolor Info: Model `wave' substituted by `hsb' on input line 1375.
)
(c:/Users/keana/AppData/Roaming/TinyTeX/texmf-dist/tex/latex/graphics/graphicx.
sty
Package: graphicx 2021/09/16 v1.2d Enhanced LaTeX Graphics (DPC,SPQR)

(c:/Users/keana/AppData/Roaming/TinyTeX/texmf-dist/tex/latex/graphics/graphics.
sty
Package: graphics 2021/03/04 v1.4d Standard LaTeX Graphics (DPC,SPQR)
(c:/Users/keana/AppData/Roaming/TinyTeX/texmf-dist/tex/latex/graphics/trig.sty
Package: trig 2021/08/11 v1.11 sin cos tan (DPC)
)
(c:/Users/keana/AppData/Roaming/TinyTeX/texmf-dist/tex/latex/graphics-cfg/graph
ics.cfg
File: graphics.cfg 2016/06/04 v1.11 sample graphics configuration
)
Package graphics Info: Driver file: pdftex.def on input line 107.
)
\Gin@req@height=\dimen149
\Gin@req@width=\dimen150
)
(c:/Users/keana/AppData/Roaming/TinyTeX/texmf-dist/tex/latex/microtype/microtyp
e.sty
Package: microtype 2022/03/14 v3.0d Micro-typographical refinements (RS)

(c:/Users/keana/AppData/Roaming/TinyTeX/texmf-dist/tex/latex/etoolbox/etoolbox.
sty
Package: etoolbox 2020/10/05 v2.5k e-TeX tools for LaTeX (JAW)
\etb@tempcnta=\count198
)
\MT@toks=\toks18
\MT@tempbox=\box51
\MT@count=\count199
LaTeX Info: Redefining \noprotrusionifhmode on input line 1027.
LaTeX Info: Redefining \leftprotrusion on input line 1028.
LaTeX Info: Redefining \rightprotrusion on input line 1036.
LaTeX Info: Redefining \textls on input line 1195.
\MT@outer@kern=\dimen151
LaTeX Info: Redefining \textmicrotypecontext on input line 1781.
\MT@listname@count=\count266

(c:/Users/keana/AppData/Roaming/TinyTeX/texmf-dist/tex/latex/microtype/microtyp
e-pdftex.def
File: microtype-pdftex.def 2022/03/14 v3.0d Definitions specific to pdftex (RS)

LaTeX Info: Redefining \lsstyle on input line 900.
LaTeX Info: Redefining \lslig on input line 900.
\MT@outer@space=\skip54
)
Package microtype Info: Loading configuration file microtype.cfg.

(c:/Users/keana/AppData/Roaming/TinyTeX/texmf-dist/tex/latex/microtype/microtyp
e.cfg
File: microtype.cfg 2022/03/14 v3.0d microtype main configuration file (RS)
))
(c:/Users/keana/AppData/Roaming/TinyTeX/texmf-dist/tex/latex/units/nicefrac.sty
Package: nicefrac 1998/08/04 v0.9b Nice fractions
\L@UnitsRaiseDisplaystyle=\skip55
\L@UnitsRaiseTextstyle=\skip56
\L@UnitsRaiseScriptstyle=\skip57
(c:/Users/keana/AppData/Roaming/TinyTeX/texmf-dist/tex/latex/base/ifthen.sty
Package: ifthen 2020/11/24 v1.1c Standard LaTeX ifthen package (DPC)
))
(c:/Users/keana/AppData/Roaming/TinyTeX/texmf-dist/tex/latex/amsmath/amsmath.st
y
Package: amsmath 2021/10/15 v2.17l AMS math features
\@mathmargin=\skip58
For additional information on amsmath, use the `?' option.

(c:/Users/keana/AppData/Roaming/TinyTeX/texmf-dist/tex/latex/amsmath/amstext.st
y
Package: amstext 2021/08/26 v2.01 AMS text

(c:/Users/keana/AppData/Roaming/TinyTeX/texmf-dist/tex/latex/amsmath/amsgen.sty
File: amsgen.sty 1999/11/30 v2.0 generic functions
\@emptytoks=\toks19
\ex@=\dimen152
))
(c:/Users/keana/AppData/Roaming/TinyTeX/texmf-dist/tex/latex/amsmath/amsbsy.sty
Package: amsbsy 1999/11/29 v1.2d Bold Symbols
\pmbraise@=\dimen153
)
(c:/Users/keana/AppData/Roaming/TinyTeX/texmf-dist/tex/latex/amsmath/amsopn.sty
Package: amsopn 2021/08/26 v2.02 operator names
)
\inf@bad=\count267
LaTeX Info: Redefining \frac on input line 234.
\uproot@=\count268
\leftroot@=\count269
LaTeX Info: Redefining \overline on input line 399.
\classnum@=\count270
\DOTSCASE@=\count271
LaTeX Info: Redefining \ldots on input line 496.
LaTeX Info: Redefining \dots on input line 499.
LaTeX Info: Redefining \cdots on input line 620.
\Mathstrutbox@=\box52
\strutbox@=\box53
\big@size=\dimen154
LaTeX Font Info:    Redeclaring font encoding OML on input line 743.
LaTeX Font Info:    Redeclaring font encoding OMS on input line 744.
\macc@depth=\count272
\c@MaxMatrixCols=\count273
\dotsspace@=\muskip16
\c@parentequation=\count274
\dspbrk@lvl=\count275
\tag@help=\toks20
\row@=\count276
\column@=\count277
\maxfields@=\count278
\andhelp@=\toks21
\eqnshift@=\dimen155
\alignsep@=\dimen156
\tagshift@=\dimen157
\tagwidth@=\dimen158
\totwidth@=\dimen159
\lineht@=\dimen160
\@envbody=\toks22
\multlinegap=\skip59
\multlinetaggap=\skip60
\mathdisplay@stack=\toks23
LaTeX Info: Redefining \[ on input line 2938.
LaTeX Info: Redefining \] on input line 2939.
)
(c:/Users/keana/AppData/Roaming/TinyTeX/texmf-dist/tex/latex/amsfonts/amssymb.s
ty
Package: amssymb 2013/01/14 v3.01 AMS font symbols

(c:/Users/keana/AppData/Roaming/TinyTeX/texmf-dist/tex/latex/amsfonts/amsfonts.
sty
Package: amsfonts 2013/01/14 v3.01 Basic AMSFonts support
\symAMSa=\mathgroup4
\symAMSb=\mathgroup5
LaTeX Font Info:    Redeclaring math symbol \hbar on input line 98.
LaTeX Font Info:    Overwriting math alphabet `\mathfrak' in version `bold'
(Font)                  U/euf/m/n --> U/euf/b/n on input line 106.
)) (c:/Users/keana/AppData/Roaming/TinyTeX/texmf-dist/tex/latex/base/textcomp.s
ty
Package: textcomp 2020/02/02 v2.0n Standard LaTeX package
)
(c:/Users/keana/AppData/Roaming/TinyTeX/texmf-dist/tex/latex/tools/longtable.st
y
Package: longtable 2021-09-01 v4.17 Multi-page Table package (DPC)
\LTleft=\skip61
\LTright=\skip62
\LTpre=\skip63
\LTpost=\skip64
\LTchunksize=\count279
\LTcapwidth=\dimen161
\LT@head=\box54
\LT@firsthead=\box55
\LT@foot=\box56
\LT@lastfoot=\box57
\LT@gbox=\box58
\LT@cols=\count280
\LT@rows=\count281
\c@LT@tables=\count282
\c@LT@chunks=\count283
\LT@p@ftn=\toks24
)
(c:/Users/keana/AppData/Roaming/TinyTeX/texmf-dist/tex/latex/caption/caption.st
y
Package: caption 2022/02/28 v3.6a Customizing captions (AR)

(c:/Users/keana/AppData/Roaming/TinyTeX/texmf-dist/tex/latex/caption/caption3.s
ty
Package: caption3 2022/02/28 v2.3a caption3 kernel (AR)
\caption@tempdima=\dimen162
\captionmargin=\dimen163
\caption@leftmargin=\dimen164
\caption@rightmargin=\dimen165
\caption@width=\dimen166
\caption@indent=\dimen167
\caption@parindent=\dimen168
\caption@hangindent=\dimen169
Package caption Info: Standard document class detected.
)
\c@caption@flags=\count284
\c@continuedfloat=\count285
Package caption Info: longtable package is loaded.

(c:/Users/keana/AppData/Roaming/TinyTeX/texmf-dist/tex/latex/caption/ltcaption.
sty
Package: ltcaption 2021/01/08 v1.4c longtable captions (AR)
))
(c:/Users/keana/AppData/Roaming/TinyTeX/texmf-dist/tex/latex/tools/multicol.sty
Package: multicol 2021/10/28 v1.9b multicolumn formatting (FMi)
\c@tracingmulticols=\count286
\mult@box=\box59
\multicol@leftmargin=\dimen170
\c@unbalance=\count287
\c@collectmore=\count288
\doublecol@number=\count289
\multicoltolerance=\count290
\multicolpretolerance=\count291
\full@width=\dimen171
\page@free=\dimen172
\premulticols=\dimen173
\postmulticols=\dimen174
\multicolsep=\skip65
\multicolbaselineskip=\skip66
\partial@page=\box60
\last@line=\box61
\maxbalancingoverflow=\dimen175
\mult@rightbox=\box62
\mult@grightbox=\box63
\mult@firstbox=\box64
\mult@gfirstbox=\box65
\@tempa=\box66
\@tempa=\box67
\@tempa=\box68
\@tempa=\box69
\@tempa=\box70
\@tempa=\box71
\@tempa=\box72
\@tempa=\box73
\@tempa=\box74
\@tempa=\box75
\@tempa=\box76
\@tempa=\box77
\@tempa=\box78
\@tempa=\box79
\@tempa=\box80
\@tempa=\box81
\@tempa=\box82
\@tempa=\box83
\@tempa=\box84
\@tempa=\box85
\@tempa=\box86
\@tempa=\box87
\@tempa=\box88
\@tempa=\box89
\@tempa=\box90
\@tempa=\box91
\@tempa=\box92
\@tempa=\box93
\@tempa=\box94
\@tempa=\box95
\@tempa=\box96
\@tempa=\box97
\@tempa=\box98
\@tempa=\box99
\@tempa=\box100
\@tempa=\box101
\c@minrows=\count292
\c@columnbadness=\count293
\c@finalcolumnbadness=\count294
\last@try=\dimen176
\multicolovershoot=\dimen177
\multicolundershoot=\dimen178
\mult@nat@firstbox=\box102
\colbreak@box=\box103
\mc@col@check@num=\count295
)
(c:/Users/keana/AppData/Roaming/TinyTeX/texmf-dist/tex/latex/multirow/multirow.
sty
Package: multirow 2021/03/15 v2.8 Span multiple rows of a table
\multirow@colwidth=\skip67
\multirow@cntb=\count296
\multirow@dima=\skip68
\bigstrutjot=\dimen179
) (c:/Users/keana/AppData/Roaming/TinyTeX/texmf-dist/tex/latex/tools/array.sty
Package: array 2021/10/04 v2.5f Tabular extension package (FMi)
\col@sep=\dimen180
\ar@mcellbox=\box104
\extrarowheight=\dimen181
\NC@list=\toks25
\extratabsurround=\skip69
\backup@length=\skip70
\ar@cellbox=\box105
)
(c:/Users/keana/AppData/Roaming/TinyTeX/texmf-dist/tex/latex/graphics/rotating.
sty
Package: rotating 2016/08/11 v2.16d rotated objects in LaTeX
\c@r@tfl@t=\count297
\rotFPtop=\skip71
\rotFPbot=\skip72
\rot@float@box=\box106
\rot@mess@toks=\toks26
)
(c:/Users/keana/AppData/Roaming/TinyTeX/texmf-dist/tex/latex/booktabs/booktabs.
sty
Package: booktabs 2020/01/12 v1.61803398 Publication quality tables
\heavyrulewidth=\dimen182
\lightrulewidth=\dimen183
\cmidrulewidth=\dimen184
\belowrulesep=\dimen185
\belowbottomsep=\dimen186
\aboverulesep=\dimen187
\abovetopsep=\dimen188
\cmidrulesep=\dimen189
\cmidrulekern=\dimen190
\defaultaddspace=\dimen191
\@cmidla=\count298
\@cmidlb=\count299
\@aboverulesep=\dimen192
\@belowrulesep=\dimen193
\@thisruleclass=\count300
\@lastruleclass=\count301
\@thisrulewidth=\dimen194
)
(c:/Users/keana/AppData/Roaming/TinyTeX/texmf-dist/tex/latex/pdfpages/pdfpages.
sty
Package: pdfpages 2022/01/29 v0.5u Insert pages of external PDF documents (AM)
(c:/Users/keana/AppData/Roaming/TinyTeX/texmf-dist/tex/latex/tools/calc.sty
Package: calc 2017/05/25 v4.3 Infix arithmetic (KKT,FJ)
\calc@Acount=\count302
\calc@Bcount=\count303
\calc@Adimen=\dimen195
\calc@Bdimen=\dimen196
\calc@Askip=\skip73
\calc@Bskip=\skip74
LaTeX Info: Redefining \setlength on input line 80.
LaTeX Info: Redefining \addtolength on input line 81.
\calc@Ccount=\count304
\calc@Cskip=\skip75
)
(c:/Users/keana/AppData/Roaming/TinyTeX/texmf-dist/tex/latex/eso-pic/eso-pic.st
y
Package: eso-pic 2020/10/14 v3.0a eso-pic (RN)
\ESO@tempdima=\dimen197
\ESO@tempdimb=\dimen198
)
\AM@pagewidth=\dimen199
\AM@pageheight=\dimen256
\AM@fboxrule=\dimen257

(c:/Users/keana/AppData/Roaming/TinyTeX/texmf-dist/tex/latex/pdfpages/pppdftex.
def
File: pppdftex.def 2022/01/29 v0.5u Pdfpages driver for pdfTeX (AM)
)
\pdfpages@includegraphics@status=\count305
\AM@pagebox=\box107
\AM@global@opts=\toks27
\AM@pagecnt=\count306
\AM@toc@title=\toks28
\c@AM@survey=\count307
\AM@templatesizebox=\box108
)
(c:/Users/keana/AppData/Roaming/TinyTeX/texmf-dist/tex/latex/l3packages/xfrac/x
frac.sty
(c:/Users/keana/AppData/Roaming/TinyTeX/texmf-dist/tex/latex/l3kernel/expl3.sty
Package: expl3 2022-02-24 L3 programming layer (loader) 

(c:/Users/keana/AppData/Roaming/TinyTeX/texmf-dist/tex/latex/l3backend/l3backen
d-pdftex.def
File: l3backend-pdftex.def 2022-02-07 L3 backend support: PDF output (pdfTeX)
\l__color_backend_stack_int=\count308
\l__pdf_internal_box=\box109
))
(c:/Users/keana/AppData/Roaming/TinyTeX/texmf-dist/tex/latex/l3packages/l3keys2
e/l3keys2e.sty
Package: l3keys2e 2022-01-12 LaTeX2e option processing using LaTeX3 keys
)
(c:/Users/keana/AppData/Roaming/TinyTeX/texmf-dist/tex/latex/l3packages/xparse/
xparse.sty
Package: xparse 2022-01-12 L3 Experimental document command parser
)
(c:/Users/keana/AppData/Roaming/TinyTeX/texmf-dist/tex/latex/l3packages/xtempla
te/xtemplate.sty
Package: xtemplate 2022-01-12 L3 Experimental prototype document functions
\l__xtemplate_tmp_dim=\dimen258
\l__xtemplate_tmp_int=\count309
\l__xtemplate_tmp_muskip=\muskip17
\l__xtemplate_tmp_skip=\skip76
)
Package: xfrac 2022-01-12 L3 Experimental split-level fractions
\l__xfrac_slash_box=\box110
\l__xfrac_tmp_box=\box111
\l__xfrac_denominator_bot_sep_dim=\dimen259
\l__xfrac_numerator_bot_sep_dim=\dimen260
\l__xfrac_numerator_top_sep_dim=\dimen261
\l__xfrac_slash_left_sep_dim=\dimen262
\l__xfrac_slash_right_sep_dim=\dimen263
\l__xfrac_slash_left_muskip=\muskip18
\l__xfrac_slash_right_muskip=\muskip19

Package xtemplate Info: Declaring object type 'xfrac' taking 3 argument(s) on
(xtemplate)             line 80.

)
(c:/Users/keana/AppData/Roaming/TinyTeX/texmf-dist/tex/latex/enumitem/enumitem.
sty
Package: enumitem 2019/06/20 v3.9 Customized lists
\labelindent=\skip77
\enit@outerparindent=\dimen264
\enit@toks=\toks29
\enit@inbox=\box112
\enit@count@id=\count310
\enitdp@description=\count311
) (c:/Users/keana/AppData/Roaming/TinyTeX/texmf-dist/tex/latex/tools/dcolumn.st
y
Package: dcolumn 2014/10/28 v1.06 decimal alignment package (DPC)
)
(c:/Users/keana/AppData/Roaming/TinyTeX/texmf-dist/tex/latex/appendix/appendix.
sty
Package: appendix 2020/02/08 v1.2c extra appendix facilities
\c@@pps=\count312
\c@@ppsavesec=\count313
\c@@ppsaveapp=\count314
)
(c:/Users/keana/AppData/Roaming/TinyTeX/texmf-dist/tex/latex/notoccite/notoccit
e.sty
Package: notoccite 2000/07/20
)
(c:/Users/keana/AppData/Roaming/TinyTeX/texmf-dist/tex/latex/minitoc/minitoc.st
y
Package: minitoc 2018/07/12 v62 Package minitoc

(c:/Users/keana/AppData/Roaming/TinyTeX/texmf-dist/tex/latex/minitoc/mtcmess.st
y
Package: mtcmess 2006/03/14
)
Package minitoc Info: I0001
(minitoc)             *** minitoc package, version 62 ***.
\tf@mtc=\write3
\mtcindent=\skip78
\mtcskipamount=\skip79
Package minitoc Info: I0005
(minitoc)             compatible with hyperref.
Package minitoc Info: I0023
(minitoc)             part level macros available.
Package minitoc Info: I0003
(minitoc)             chapter level macros available.
\mtc@toks=\toks30
\mtc@strutbox=\box113
\mtc@hstrutbox=\box114
Package minitoc Info: I0002
(minitoc)             Autoconfiguration of extensions.
\openout3 = `01-chapter1.mtc0'.

\openout3 = `01-chapter1.mtc'.

(./01-chapter1.mtc0)
Package minitoc Info: I0012
(minitoc)             Long extensions (Unix-like) will be used.
Package minitoc Info: I0031
(minitoc)             ==> this version is configured for UNIX-like 
(minitoc)                 (long extensions) file names.
\openout3 = `01-chapter1.mtc'.

\openout3 = `01-chapter1.mtc0'.

\c@mtc=\count315
\c@minitocdepth=\count316
\c@ptc=\count317
\c@parttocdepth=\count318
\ptcindent=\skip80
Package minitoc Info: I0010
(minitoc)             The english language is selected.
(minitoc)              on input line 4910.

(c:/Users/keana/AppData/Roaming/TinyTeX/texmf-dist/tex/latex/minitoc/english.ml
d
File: english.mld 2006/01/13
)
(c:/Users/keana/AppData/Roaming/TinyTeX/texmf-dist/tex/latex/minitoc/english.ml
d
File: english.mld 2006/01/13
))
(c:/Users/keana/AppData/Roaming/TinyTeX/texmf-dist/tex/latex/quotchap/quotchap.
sty
Package: quotchap 2020/11/13 v1.3 Decorative Chapter Headings with Quotes
\@quotebox=\box115
)
(c:/Users/keana/AppData/Roaming/TinyTeX/texmf-dist/tex/latex/tocbibind/tocbibin
d.sty
Package: tocbibind 2010/10/13 v1.5k extra ToC listings
Package tocbibind Info: The document has chapter divisions on input line 50.

Package tocbibind Note: Using chapter style headings, unless overridden.

) (c:/Users/keana/AppData/Roaming/TinyTeX/texmf-dist/tex/latex/lm/lmodern.sty
Package: lmodern 2015/05/01 v1.6.1 Latin Modern Fonts
LaTeX Font Info:    Overwriting symbol font `operators' in version `normal'
(Font)                  OT1/cmr/m/n --> OT1/lmr/m/n on input line 22.
LaTeX Font Info:    Overwriting symbol font `letters' in version `normal'
(Font)                  OML/cmm/m/it --> OML/lmm/m/it on input line 23.
LaTeX Font Info:    Overwriting symbol font `symbols' in version `normal'
(Font)                  OMS/cmsy/m/n --> OMS/lmsy/m/n on input line 24.
LaTeX Font Info:    Overwriting symbol font `largesymbols' in version `normal'
(Font)                  OMX/cmex/m/n --> OMX/lmex/m/n on input line 25.
LaTeX Font Info:    Overwriting symbol font `operators' in version `bold'
(Font)                  OT1/cmr/bx/n --> OT1/lmr/bx/n on input line 26.
LaTeX Font Info:    Overwriting symbol font `letters' in version `bold'
(Font)                  OML/cmm/b/it --> OML/lmm/b/it on input line 27.
LaTeX Font Info:    Overwriting symbol font `symbols' in version `bold'
(Font)                  OMS/cmsy/b/n --> OMS/lmsy/b/n on input line 28.
LaTeX Font Info:    Overwriting symbol font `largesymbols' in version `bold'
(Font)                  OMX/cmex/m/n --> OMX/lmex/m/n on input line 29.
LaTeX Font Info:    Overwriting math alphabet `\mathbf' in version `normal'
(Font)                  OT1/cmr/bx/n --> OT1/lmr/bx/n on input line 31.
LaTeX Font Info:    Overwriting math alphabet `\mathsf' in version `normal'
(Font)                  OT1/cmss/m/n --> OT1/lmss/m/n on input line 32.
LaTeX Font Info:    Overwriting math alphabet `\mathit' in version `normal'
(Font)                  OT1/cmr/m/it --> OT1/lmr/m/it on input line 33.
LaTeX Font Info:    Overwriting math alphabet `\mathtt' in version `normal'
(Font)                  OT1/cmtt/m/n --> OT1/lmtt/m/n on input line 34.
LaTeX Font Info:    Overwriting math alphabet `\mathbf' in version `bold'
(Font)                  OT1/cmr/bx/n --> OT1/lmr/bx/n on input line 35.
LaTeX Font Info:    Overwriting math alphabet `\mathsf' in version `bold'
(Font)                  OT1/cmss/bx/n --> OT1/lmss/bx/n on input line 36.
LaTeX Font Info:    Overwriting math alphabet `\mathit' in version `bold'
(Font)                  OT1/cmr/bx/it --> OT1/lmr/bx/it on input line 37.
LaTeX Font Info:    Overwriting math alphabet `\mathtt' in version `bold'
(Font)                  OT1/cmtt/m/n --> OT1/lmtt/m/n on input line 38.
) (c:/Users/keana/AppData/Roaming/TinyTeX/texmf-dist/tex/latex/base/fontenc.sty
Package: fontenc 2021/04/29 v2.0v Standard LaTeX package

(c:/Users/keana/AppData/Roaming/TinyTeX/texmf-dist/tex/latex/greek-fontenc/lgre
nc.def
File: lgrenc.def 2020/10/13 2.0 LGR Greek font encoding definitions
Now handling font encoding LGR ...
... no UTF-8 mapping file for font encoding LGR

(c:/Users/keana/AppData/Roaming/TinyTeX/texmf-dist/tex/latex/greek-fontenc/gree
k-fontenc.def
File: greek-fontenc.def 2020/10/30 2.0 Common Greek font encoding definitions
))
LaTeX Font Info:    Trying to load font information for T1+lmr on input line 11
2.
(c:/Users/keana/AppData/Roaming/TinyTeX/texmf-dist/tex/latex/lm/t1lmr.fd
File: t1lmr.fd 2015/05/01 v1.6.1 Font defs for Latin Modern
)) (c:/Users/keana/AppData/Roaming/TinyTeX/texmf-dist/tex/latex/base/inputenc.s
ty
Package: inputenc 2021/02/14 v1.3d Input encoding file
\inpenc@prehook=\toks31
\inpenc@posthook=\toks32
) (c:/Users/keana/AppData/Roaming/TinyTeX/texmf-dist/tex/generic/babel/babel.st
y
Package: babel 2022/02/26 3.73 The Babel package
\babel@savecnt=\count319
\U@D=\dimen265
\l@unhyphenated=\language10

(c:/Users/keana/AppData/Roaming/TinyTeX/texmf-dist/tex/generic/babel/txtbabel.d
ef)
\bbl@readstream=\read2
\bbl@dirlevel=\count320

(c:/Users/keana/AppData/Roaming/TinyTeX/texmf-dist/tex/generic/babel-greek/gree
k.ldf
Language: greek 2020/11/10 v1.10 Greek support for the babel system
Package babel Info: Hyphen rules for 'ancientgreek' set to \l@english
(babel)             (\language0). Reported on input line 49.
\bbl@monogreek=\count321
\bbl@polygreek=\count322
\bbl@ancientgreek=\count323
LaTeX Info: Redefining \& on input line 125.
)
(c:/Users/keana/AppData/Roaming/TinyTeX/texmf-dist/tex/generic/babel-latin/lati
n.ldf
Language: latin 2021-06-27 v4.0 Latin support from the babel system
Package babel Info: Making " an active character on input line 135.
)
(c:/Users/keana/AppData/Roaming/TinyTeX/texmf-dist/tex/generic/babel-english/en
glish.ldf
Language: english 2017/06/06 v3.3r English support from the babel system
Package babel Info: Hyphen rules for 'british' set to \l@english
(babel)             (\language0). Reported on input line 82.
Package babel Info: Hyphen rules for 'UKenglish' set to \l@english
(babel)             (\language0). Reported on input line 83.
Package babel Info: Hyphen rules for 'canadian' set to \l@english
(babel)             (\language0). Reported on input line 102.
Package babel Info: Hyphen rules for 'australian' set to \l@english
(babel)             (\language0). Reported on input line 105.
Package babel Info: Hyphen rules for 'newzealand' set to \l@english
(babel)             (\language0). Reported on input line 108.
))
(c:/Users/keana/AppData/Roaming/TinyTeX/texmf-dist/tex/latex/csquotes/csquotes.
sty
Package: csquotes 2021-02-22 v5.2l context-sensitive quotations (JAW)
\csq@reset=\count324
\csq@gtype=\count325
\csq@glevel=\count326
\csq@qlevel=\count327
\csq@maxlvl=\count328
\csq@tshold=\count329
\csq@ltx@everypar=\toks33

(c:/Users/keana/AppData/Roaming/TinyTeX/texmf-dist/tex/latex/csquotes/csquotes.
def
File: csquotes.def 2021-02-22 v5.2l csquotes generic definitions (JAW)
)
Package csquotes Info: Trying to load configuration file 'csquotes.cfg'...
Package csquotes Info: ... configuration file loaded successfully.

(c:/Users/keana/AppData/Roaming/TinyTeX/texmf-dist/tex/latex/csquotes/csquotes.
cfg
File: csquotes.cfg 
))
\mccurrentbaselineskip=\skip81
\mccurrentparskip=\skip82
\mccurrentparindent=\skip83
(c:/Users/keana/AppData/Roaming/TinyTeX/texmf-dist/tex/latex/framed/framed.sty
Package: framed 2011/10/22 v 0.96: framed or shaded text with page breaks
\OuterFrameSep=\skip84
\fb@frw=\dimen266
\fb@frh=\dimen267
\FrameRule=\dimen268
\FrameSep=\dimen269
) (c:/Users/keana/AppData/Roaming/TinyTeX/texmf-dist/tex/generic/soul/soul.sty
Package: soul 2003/11/17 v2.4 letterspacing/underlining (mf)
\SOUL@word=\toks34
\SOUL@lasttoken=\toks35
\SOUL@cmds=\toks36
\SOUL@buffer=\toks37
\SOUL@token=\toks38
\SOUL@spaceskip=\skip85
\SOUL@ttwidth=\dimen270
\SOUL@uldp=\dimen271
\SOUL@ulht=\dimen272
))
(c:/Users/keana/AppData/Roaming/TinyTeX/texmf-dist/tex/latex/hyperref/hyperref.
sty
Package: hyperref 2022-02-21 v7.00n Hypertext links for LaTeX

(c:/Users/keana/AppData/Roaming/TinyTeX/texmf-dist/tex/generic/ltxcmds/ltxcmds.
sty
Package: ltxcmds 2020-05-10 v1.25 LaTeX kernel commands for general use (HO)
)
(c:/Users/keana/AppData/Roaming/TinyTeX/texmf-dist/tex/generic/pdftexcmds/pdfte
xcmds.sty
Package: pdftexcmds 2020-06-27 v0.33 Utility functions of pdfTeX for LuaTeX (HO
)

(c:/Users/keana/AppData/Roaming/TinyTeX/texmf-dist/tex/generic/infwarerr/infwar
err.sty
Package: infwarerr 2019/12/03 v1.5 Providing info/warning/error messages (HO)
)
Package pdftexcmds Info: \pdf@primitive is available.
Package pdftexcmds Info: \pdf@ifprimitive is available.
Package pdftexcmds Info: \pdfdraftmode found.
)
(c:/Users/keana/AppData/Roaming/TinyTeX/texmf-dist/tex/generic/kvsetkeys/kvsetk
eys.sty
Package: kvsetkeys 2019/12/15 v1.18 Key value parser (HO)
)
(c:/Users/keana/AppData/Roaming/TinyTeX/texmf-dist/tex/generic/kvdefinekeys/kvd
efinekeys.sty
Package: kvdefinekeys 2019-12-19 v1.6 Define keys (HO)
)
(c:/Users/keana/AppData/Roaming/TinyTeX/texmf-dist/tex/generic/pdfescape/pdfesc
ape.sty
Package: pdfescape 2019/12/09 v1.15 Implements pdfTeX's escape features (HO)
)
(c:/Users/keana/AppData/Roaming/TinyTeX/texmf-dist/tex/latex/hycolor/hycolor.st
y
Package: hycolor 2020-01-27 v1.10 Color options for hyperref/bookmark (HO)
)
(c:/Users/keana/AppData/Roaming/TinyTeX/texmf-dist/tex/latex/letltxmacro/letltx
macro.sty
Package: letltxmacro 2019/12/03 v1.6 Let assignment for LaTeX macros (HO)
)
(c:/Users/keana/AppData/Roaming/TinyTeX/texmf-dist/tex/latex/auxhook/auxhook.st
y
Package: auxhook 2019-12-17 v1.6 Hooks for auxiliary files (HO)
)
(c:/Users/keana/AppData/Roaming/TinyTeX/texmf-dist/tex/latex/kvoptions/kvoption
s.sty
Package: kvoptions 2020-10-07 v3.14 Key value format for package options (HO)
)
\@linkdim=\dimen273
\Hy@linkcounter=\count330
\Hy@pagecounter=\count331

(c:/Users/keana/AppData/Roaming/TinyTeX/texmf-dist/tex/latex/hyperref/pd1enc.de
f
File: pd1enc.def 2022-02-21 v7.00n Hyperref: PDFDocEncoding definition (HO)
Now handling font encoding PD1 ...
... no UTF-8 mapping file for font encoding PD1
)
(c:/Users/keana/AppData/Roaming/TinyTeX/texmf-dist/tex/generic/intcalc/intcalc.
sty
Package: intcalc 2019/12/15 v1.3 Expandable calculations with integers (HO)
)
(c:/Users/keana/AppData/Roaming/TinyTeX/texmf-dist/tex/generic/etexcmds/etexcmd
s.sty
Package: etexcmds 2019/12/15 v1.7 Avoid name clashes with e-TeX commands (HO)
)
\Hy@SavedSpaceFactor=\count332

(c:/Users/keana/AppData/Roaming/TinyTeX/texmf-dist/tex/latex/hyperref/puenc.def
File: puenc.def 2022-02-21 v7.00n Hyperref: PDF Unicode definition (HO)
Now handling font encoding PU ...
... no UTF-8 mapping file for font encoding PU

(c:/Users/keana/AppData/Roaming/TinyTeX/texmf-dist/tex/latex/hyperref/puenc-gre
ekbasic.def
File: puenc-greekbasic.def 2022-02-21 v7.00n Hyperref: PDF Unicode definition (
greek block) (HO)
))
Package hyperref Info: Option `colorlinks' set `false' on input line 4018.
Package hyperref Info: Option `pdfpagelabels' set `true' on input line 4018.
Package hyperref Info: Hyper figures OFF on input line 4137.
Package hyperref Info: Link nesting OFF on input line 4142.
Package hyperref Info: Hyper index ON on input line 4145.
Package hyperref Info: Plain pages OFF on input line 4152.
Package hyperref Info: Backreferencing OFF on input line 4157.
Package hyperref Info: Implicit mode ON; LaTeX internals redefined.
Package hyperref Info: Bookmarks ON on input line 4390.
\c@Hy@tempcnt=\count333
(c:/Users/keana/AppData/Roaming/TinyTeX/texmf-dist/tex/latex/url/url.sty
\Urlmuskip=\muskip20
Package: url 2013/09/16  ver 3.4  Verb mode for urls, etc.
)
LaTeX Info: Redefining \url on input line 4749.
\XeTeXLinkMargin=\dimen274

(c:/Users/keana/AppData/Roaming/TinyTeX/texmf-dist/tex/generic/bitset/bitset.st
y
Package: bitset 2019/12/09 v1.3 Handle bit-vector datatype (HO)

(c:/Users/keana/AppData/Roaming/TinyTeX/texmf-dist/tex/generic/bigintcalc/bigin
tcalc.sty
Package: bigintcalc 2019/12/15 v1.5 Expandable calculations on big integers (HO
)
))
\Fld@menulength=\count334
\Field@Width=\dimen275
\Fld@charsize=\dimen276
Package hyperref Info: Hyper figures OFF on input line 6027.
Package hyperref Info: Link nesting OFF on input line 6032.
Package hyperref Info: Hyper index ON on input line 6035.
Package hyperref Info: backreferencing OFF on input line 6042.
Package hyperref Info: Link coloring OFF on input line 6047.
Package hyperref Info: Link coloring with OCG OFF on input line 6052.
Package hyperref Info: PDF/A mode OFF on input line 6057.
LaTeX Info: Redefining \ref on input line 6097.
LaTeX Info: Redefining \pageref on input line 6101.

(c:/Users/keana/AppData/Roaming/TinyTeX/texmf-dist/tex/latex/base/atbegshi-ltx.
sty
Package: atbegshi-ltx 2021/01/10 v1.0c Emulation of the original atbegshi
package with kernel methods
)
\Hy@abspage=\count335
\c@Item=\count336
\c@Hfootnote=\count337
)
Package hyperref Info: Driver (autodetected): hpdftex.

(c:/Users/keana/AppData/Roaming/TinyTeX/texmf-dist/tex/latex/hyperref/hpdftex.d
ef
File: hpdftex.def 2022-02-21 v7.00n Hyperref driver for pdfTeX

(c:/Users/keana/AppData/Roaming/TinyTeX/texmf-dist/tex/latex/base/atveryend-ltx
.sty
Package: atveryend-ltx 2020/08/19 v1.0a Emulation of the original atveryend pac
kage
with kernel methods
)
\Fld@listcount=\count338
\c@bookmark@seq@number=\count339

(c:/Users/keana/AppData/Roaming/TinyTeX/texmf-dist/tex/latex/rerunfilecheck/rer
unfilecheck.sty
Package: rerunfilecheck 2019/12/05 v1.9 Rerun checks for auxiliary files (HO)

(c:/Users/keana/AppData/Roaming/TinyTeX/texmf-dist/tex/generic/uniquecounter/un
iquecounter.sty
Package: uniquecounter 2019/12/15 v1.4 Provide unlimited unique counter (HO)
)
Package uniquecounter Info: New unique counter `rerunfilecheck' on input line 2
86.
)
\Hy@SectionHShift=\skip86
) (c:/Users/keana/AppData/Roaming/TinyTeX/texmf-dist/tex/latex/float/float.sty
Package: float 2001/11/08 v1.3d Float enhancements (AL)
\c@float@type=\count340
\float@exts=\toks39
\float@box=\box116
\@float@everytoks=\toks40
\@floatcapt=\box117
)
(c:/Users/keana/AppData/Roaming/TinyTeX/texmf-dist/tex/latex/titlesec/titlesec.
sty
Package: titlesec 2021/07/05 v2.14 Sectioning titles
\ttl@box=\box118
\beforetitleunit=\skip87
\aftertitleunit=\skip88
\ttl@plus=\dimen277
\ttl@minus=\dimen278
\ttl@toksa=\toks41
\titlewidth=\dimen279
\titlewidthlast=\dimen280
\titlewidthfirst=\dimen281
)
(c:/Users/keana/AppData/Roaming/TinyTeX/texmf-dist/tex/latex/fancyvrb/fancyvrb.
sty
Package: fancyvrb 2021/12/21 4.1b verbatim text (tvz,hv)
\FV@CodeLineNo=\count341
\FV@InFile=\read3
\FV@TabBox=\box119
\c@FancyVerbLine=\count342
\FV@StepNumber=\count343
\FV@OutFile=\write4
) (c:/Users/keana/AppData/Roaming/TinyTeX/texmf-dist/tex/generic/ulem/ulem.sty
\UL@box=\box120
\UL@hyphenbox=\box121
\UL@skip=\skip89
\UL@hook=\toks42
\UL@height=\dimen282
\UL@pe=\count344
\UL@pixel=\dimen283
\ULC@box=\box122
Package: ulem 2019/11/18
\ULdepth=\dimen284
)
(c:/Users/keana/AppData/Roaming/TinyTeX/texmf-dist/tex/latex/biblatex/biblatex.
sty
Package: biblatex 2022/02/02 v3.17 programmable bibliographies (PK/MW)
(c:/Users/keana/AppData/Roaming/TinyTeX/texmf-dist/tex/latex/logreq/logreq.sty
Package: logreq 2010/08/04 v1.0 xml request logger
\lrq@indent=\count345
(c:/Users/keana/AppData/Roaming/TinyTeX/texmf-dist/tex/latex/logreq/logreq.def
File: logreq.def 2010/08/04 v1.0 logreq spec v1.0
))
\c@tabx@nest=\count346
\c@listtotal=\count347
\c@listcount=\count348
\c@liststart=\count349
\c@liststop=\count350
\c@citecount=\count351
\c@citetotal=\count352
\c@multicitecount=\count353
\c@multicitetotal=\count354
\c@instcount=\count355
\c@maxnames=\count356
\c@minnames=\count357
\c@maxitems=\count358
\c@minitems=\count359
\c@citecounter=\count360
\c@maxcitecounter=\count361
\c@savedcitecounter=\count362
\c@uniquelist=\count363
\c@uniquename=\count364
\c@refsection=\count365
\c@refsegment=\count366
\c@maxextratitle=\count367
\c@maxextratitleyear=\count368
\c@maxextraname=\count369
\c@maxextradate=\count370
\c@maxextraalpha=\count371
\c@abbrvpenalty=\count372
\c@highnamepenalty=\count373
\c@lownamepenalty=\count374
\c@maxparens=\count375
\c@parenlevel=\count376
\blx@tempcnta=\count377
\blx@tempcntb=\count378
\blx@tempcntc=\count379
\c@blx@maxsection=\count380
\c@blx@maxsegment@0=\count381
\blx@notetype=\count382
\blx@parenlevel@text=\count383
\blx@parenlevel@foot=\count384
\c@blx@sectionciteorder@0=\count385
\blx@entrysetcounter=\count386
\blx@biblioinstance=\count387
\labelnumberwidth=\skip90
\labelalphawidth=\skip91
\biblabelsep=\skip92
\bibitemsep=\skip93
\bibnamesep=\skip94
\bibinitsep=\skip95
\bibparsep=\skip96
\bibhang=\skip97
\blx@bcfin=\read4
\blx@bcfout=\write5
\blx@langwohyphens=\language11
\c@mincomprange=\count388
\c@maxcomprange=\count389
\c@mincompwidth=\count390
Package biblatex Info: Trying to load biblatex default data model...
Package biblatex Info: ... file 'blx-dm.def' found.

(c:/Users/keana/AppData/Roaming/TinyTeX/texmf-dist/tex/latex/biblatex/blx-dm.de
f
File: blx-dm.def 2022/02/02 v3.17 biblatex localization (PK/MW)
)
Package biblatex Info: Trying to load biblatex style data model...
Package biblatex Info: ... file 'numeric-comp.dbx' not found.
Package biblatex Info: Trying to load biblatex custom data model...
Package biblatex Info: ... file 'biblatex-dm.cfg' not found.
\c@afterword=\count391
\c@savedafterword=\count392
\c@annotator=\count393
\c@savedannotator=\count394
\c@author=\count395
\c@savedauthor=\count396
\c@bookauthor=\count397
\c@savedbookauthor=\count398
\c@commentator=\count399
\c@savedcommentator=\count400
\c@editor=\count401
\c@savededitor=\count402
\c@editora=\count403
\c@savededitora=\count404
\c@editorb=\count405
\c@savededitorb=\count406
\c@editorc=\count407
\c@savededitorc=\count408
\c@foreword=\count409
\c@savedforeword=\count410
\c@holder=\count411
\c@savedholder=\count412
\c@introduction=\count413
\c@savedintroduction=\count414
\c@namea=\count415
\c@savednamea=\count416
\c@nameb=\count417
\c@savednameb=\count418
\c@namec=\count419
\c@savednamec=\count420
\c@translator=\count421
\c@savedtranslator=\count422
\c@shortauthor=\count423
\c@savedshortauthor=\count424
\c@shorteditor=\count425
\c@savedshorteditor=\count426
\c@labelname=\count427
\c@savedlabelname=\count428
\c@institution=\count429
\c@savedinstitution=\count430
\c@lista=\count431
\c@savedlista=\count432
\c@listb=\count433
\c@savedlistb=\count434
\c@listc=\count435
\c@savedlistc=\count436
\c@listd=\count437
\c@savedlistd=\count438
\c@liste=\count439
\c@savedliste=\count440
\c@listf=\count441
\c@savedlistf=\count442
\c@location=\count443
\c@savedlocation=\count444
\c@organization=\count445
\c@savedorganization=\count446
\c@origlocation=\count447
\c@savedoriglocation=\count448
\c@origpublisher=\count449
\c@savedorigpublisher=\count450
\c@publisher=\count451
\c@savedpublisher=\count452
\c@language=\count453
\c@savedlanguage=\count454
\c@origlanguage=\count455
\c@savedoriglanguage=\count456
\c@pageref=\count457
\c@savedpageref=\count458
\shorthandwidth=\skip98
\shortjournalwidth=\skip99
\shortserieswidth=\skip100
\shorttitlewidth=\skip101
\shortauthorwidth=\skip102
\shorteditorwidth=\skip103
\locallabelnumberwidth=\skip104
\locallabelalphawidth=\skip105
\localshorthandwidth=\skip106
\localshortjournalwidth=\skip107
\localshortserieswidth=\skip108
\localshorttitlewidth=\skip109
\localshortauthorwidth=\skip110
\localshorteditorwidth=\skip111
Package biblatex Info: Trying to load compatibility code...
Package biblatex Info: ... file 'blx-compat.def' found.

(c:/Users/keana/AppData/Roaming/TinyTeX/texmf-dist/tex/latex/biblatex/blx-compa
t.def
File: blx-compat.def 2022/02/02 v3.17 biblatex compatibility (PK/MW)
)
Package biblatex Info: Trying to load generic definitions...
Package biblatex Info: ... file 'biblatex.def' found.

(c:/Users/keana/AppData/Roaming/TinyTeX/texmf-dist/tex/latex/biblatex/biblatex.
def
File: biblatex.def 2022/02/02 v3.17 biblatex compatibility (PK/MW)
\c@textcitecount=\count459
\c@textcitetotal=\count460
\c@textcitemaxnames=\count461
\c@biburlbigbreakpenalty=\count462
\c@biburlbreakpenalty=\count463
\c@biburlnumpenalty=\count464
\c@biburlucpenalty=\count465
\c@biburllcpenalty=\count466
\biburlbigskip=\muskip21
\biburlnumskip=\muskip22
\biburlucskip=\muskip23
\biburllcskip=\muskip24
\c@smartand=\count467
)
Package biblatex Info: Trying to load bibliography style 'numeric-comp'...
Package biblatex Info: ... file 'numeric-comp.bbx' found.

(c:/Users/keana/AppData/Roaming/TinyTeX/texmf-dist/tex/latex/biblatex/bbx/numer
ic-comp.bbx
File: numeric-comp.bbx 2022/02/02 v3.17 biblatex bibliography style (PK/MW)
Package biblatex Info: Trying to load bibliography style 'numeric'...
Package biblatex Info: ... file 'numeric.bbx' found.

(c:/Users/keana/AppData/Roaming/TinyTeX/texmf-dist/tex/latex/biblatex/bbx/numer
ic.bbx
File: numeric.bbx 2022/02/02 v3.17 biblatex bibliography style (PK/MW)
Package biblatex Info: Trying to load bibliography style 'standard'...
Package biblatex Info: ... file 'standard.bbx' found.

(c:/Users/keana/AppData/Roaming/TinyTeX/texmf-dist/tex/latex/biblatex/bbx/stand
ard.bbx
File: standard.bbx 2022/02/02 v3.17 biblatex bibliography style (PK/MW)
\c@bbx:relatedcount=\count468
\c@bbx:relatedtotal=\count469
)))
Package biblatex Info: Trying to load citation style 'numeric-comp'...
Package biblatex Info: ... file 'numeric-comp.cbx' found.

(c:/Users/keana/AppData/Roaming/TinyTeX/texmf-dist/tex/latex/biblatex/cbx/numer
ic-comp.cbx
File: numeric-comp.cbx 2022/02/02 v3.17 biblatex citation style (PK/MW)
\c@cbx@tempcnta=\count470
\c@cbx@tempcntb=\count471
\c@cbx@tempcntc=\count472
\c@cbx@tempcntd=\count473
Package biblatex Info: Redefining '\cite'.
Package biblatex Info: Redefining '\parencite'.
Package biblatex Info: Redefining '\footcite'.
Package biblatex Info: Redefining '\footcitetext'.
Package biblatex Info: Redefining '\smartcite'.
Package biblatex Info: Redefining '\supercite'.
Package biblatex Info: Redefining '\textcite'.
Package biblatex Info: Redefining '\textcites'.
Package biblatex Info: Redefining '\cites'.
Package biblatex Info: Redefining '\parencites'.
Package biblatex Info: Redefining '\smartcites'.
)
Package biblatex Info: Trying to load configuration file...
Package biblatex Info: ... file 'biblatex.cfg' found.

(c:/Users/keana/AppData/Roaming/TinyTeX/texmf-dist/tex/latex/biblatex/biblatex.
cfg
File: biblatex.cfg 
)
Package biblatex Info: Input encoding 'utf8' detected.
Package biblatex Info: Document encoding is UTF8 ....
Package biblatex Info: ... and expl3
(biblatex)             2022-02-24 L3 programming layer (loader) 
(biblatex)             is new enough (at least 2020/04/06),
(biblatex)             setting 'casechanger=expl3'.

(c:/Users/keana/AppData/Roaming/TinyTeX/texmf-dist/tex/latex/biblatex/blx-case-
expl3.sty
Package: blx-case-expl3 2022/02/02 v3.17 expl3 case changing code for biblatex
))
Package csquotes Info: Checking for multilingual support...
Package csquotes Info: ... found 'babel' package.
Package csquotes Info: Adjusting default style.
Package csquotes Info: Redefining alias 'default' -> 'english'.
(./01-chapter1.aux)
\openout1 = `01-chapter1.aux'.

LaTeX Font Info:    Checking defaults for OML/cmm/m/it on input line 145.
LaTeX Font Info:    ... okay on input line 145.
LaTeX Font Info:    Checking defaults for OMS/cmsy/m/n on input line 145.
LaTeX Font Info:    ... okay on input line 145.
LaTeX Font Info:    Checking defaults for OT1/cmr/m/n on input line 145.
LaTeX Font Info:    ... okay on input line 145.
LaTeX Font Info:    Checking defaults for T1/cmr/m/n on input line 145.
LaTeX Font Info:    ... okay on input line 145.
LaTeX Font Info:    Checking defaults for TS1/cmr/m/n on input line 145.
LaTeX Font Info:    ... okay on input line 145.
LaTeX Font Info:    Checking defaults for OMX/cmex/m/n on input line 145.
LaTeX Font Info:    ... okay on input line 145.
LaTeX Font Info:    Checking defaults for U/cmr/m/n on input line 145.
LaTeX Font Info:    ... okay on input line 145.
LaTeX Font Info:    Checking defaults for LGR/cmr/m/n on input line 145.
LaTeX Font Info:    Trying to load font information for LGR+cmr on input line 1
45.

(c:/Users/keana/AppData/Roaming/TinyTeX/texmf-dist/tex/latex/cbfonts-fd/lgrcmr.
fd
File: lgrcmr.fd 2017/07/29 v1.2 Greek European Computer Regular
)
LaTeX Font Info:    ... okay on input line 145.
LaTeX Font Info:    Checking defaults for PD1/pdf/m/n on input line 145.
LaTeX Font Info:    ... okay on input line 145.
LaTeX Font Info:    Checking defaults for PU/pdf/m/n on input line 145.
LaTeX Font Info:    ... okay on input line 145.
*geometry* driver: auto-detecting
*geometry* detected driver: pdftex
*geometry* verbose mode - [ preamble ] result:
* driver: pdftex
* paper: a4paper
* layout: <same size as paper>
* layoutoffset:(h,v)=(0.0pt,0.0pt)
* modes: includehead 
* h-part:(L,W,R)=(88.2037pt, 421.10046pt, 88.2037pt)
* v-part:(T,H,B)=(71.13188pt, 697.09262pt, 76.82234pt)
* \paperwidth=597.50787pt
* \paperheight=845.04684pt
* \textwidth=421.10046pt
* \textheight=662.33034pt
* \oddsidemargin=15.93372pt
* \evensidemargin=15.93372pt
* \topmargin=-1.1381pt
* \headheight=12.0pt
* \headsep=22.76228pt
* \topskip=12.0pt
* \footskip=34.14322pt
* \marginparwidth=44.0pt
* \marginparsep=10.0pt
* \columnsep=10.0pt
* \skip\footins=10.8pt plus 4.0pt minus 2.0pt
* \hoffset=0.0pt
* \voffset=0.0pt
* \mag=1000
* \@twocolumnfalse
* \@twosidefalse
* \@mparswitchfalse
* \@reversemarginfalse
* (1in=72.27pt=25.4mm, 1cm=28.453pt)


(c:/Users/keana/AppData/Roaming/TinyTeX/texmf-dist/tex/latex/epstopdf-pkg/epsto
pdf-base.sty
Package: epstopdf-base 2020-01-24 v2.11 Base part for package epstopdf
Package epstopdf-base Info: Redefining graphics rule for `.eps' on input line 4
85.

(c:/Users/keana/AppData/Roaming/TinyTeX/texmf-dist/tex/latex/latexconfig/epstop
df-sys.cfg
File: epstopdf-sys.cfg 2010/07/13 v1.3 Configuration of (r)epstopdf for TeX Liv
e
))
LaTeX Info: Redefining \microtypecontext on input line 145.
Package microtype Info: Applying patch `item' on input line 145.
Package microtype Info: Applying patch `toc' on input line 145.
Package microtype Info: Applying patch `eqnum' on input line 145.
Package microtype Info: Applying patch `footnote' on input line 145.
Package microtype Info: Generating PDF output.
Package microtype Info: Character protrusion enabled (level 2).
Package microtype Info: Using default protrusion set `alltext'.
Package microtype Info: Automatic font expansion enabled (level 2),
(microtype)             stretch: 20, shrink: 20, step: 1, non-selected.
Package microtype Info: Using default expansion set `alltext-nott'.
LaTeX Info: Redefining \showhyphens on input line 145.
Package microtype Info: No adjustment of tracking.
Package microtype Info: No adjustment of interword spacing.
Package microtype Info: No adjustment of character kerning.

(c:/Users/keana/AppData/Roaming/TinyTeX/texmf-dist/tex/latex/microtype/mt-cmr.c
fg
File: mt-cmr.cfg 2013/05/19 v2.2 microtype config. file: Computer Modern Roman 
(RS)
)
Package caption Info: Begin \AtBeginDocument code.
Package caption Info: float package is loaded.
Package caption Info: hyperref package is loaded.
Package caption Info: rotating package is loaded.
Package caption Info: End \AtBeginDocument code.

(c:/Users/keana/AppData/Roaming/TinyTeX/texmf-dist/tex/latex/pdflscape/pdflscap
e.sty
Package: pdflscape 2019/12/05 v0.12 Display of landscape pages in PDF (HO)

(c:/Users/keana/AppData/Roaming/TinyTeX/texmf-dist/tex/latex/graphics/lscape.st
y
Package: lscape 2020/05/28 v3.02 Landscape Pages (DPC)
)
Package pdflscape Info: Auto-detected driver: pdftex on input line 81.
)
(c:/Users/keana/AppData/Roaming/TinyTeX/texmf-dist/tex/latex/greek-fontenc/puen
c-greek.def
File: puenc-greek.def 2020/10/18 2.0 Greek LICRs for PDF strings

(c:/Users/keana/AppData/Roaming/TinyTeX/texmf-dist/tex/latex/greek-fontenc/gree
k-fontenc.def
File: greek-fontenc.def 2020/10/30 2.0 Common Greek font encoding definitions
))
Package hyperref Info: Link coloring OFF on input line 145.

(c:/Users/keana/AppData/Roaming/TinyTeX/texmf-dist/tex/latex/hyperref/nameref.s
ty
Package: nameref 2021-04-02 v2.47 Cross-referencing by name of section

(c:/Users/keana/AppData/Roaming/TinyTeX/texmf-dist/tex/latex/refcount/refcount.
sty
Package: refcount 2019/12/15 v3.6 Data extraction from label references (HO)
)
(c:/Users/keana/AppData/Roaming/TinyTeX/texmf-dist/tex/generic/gettitlestring/g
ettitlestring.sty
Package: gettitlestring 2019/12/15 v1.6 Cleanup title references (HO)
)
\c@section@level=\count474
)
LaTeX Info: Redefining \ref on input line 145.
LaTeX Info: Redefining \pageref on input line 145.
LaTeX Info: Redefining \nameref on input line 145.
(./01-chapter1.out) (./01-chapter1.out)
\@outlinefile=\write6
\openout6 = `01-chapter1.out'.

Package biblatex Info: Trying to load language 'english'...
Package biblatex Info: ... file 'english.lbx' found.

(c:/Users/keana/AppData/Roaming/TinyTeX/texmf-dist/tex/latex/biblatex/lbx/engli
sh.lbx
File: english.lbx 2022/02/02 v3.17 biblatex localization (PK/MW)
)
Package biblatex Info: Trying to load language 'latin'...
Package biblatex Info: ... file 'latin.lbx' not found.

Package biblatex Warning: Language 'latin' not supported.
(biblatex)                Using dummy definitions on input line 145.

Package biblatex Info: Trying to load language 'greek'...
Package biblatex Info: ... file 'greek.lbx' found.

(c:/Users/keana/AppData/Roaming/TinyTeX/texmf-dist/tex/latex/biblatex/lbx/greek
.lbx
File: greek.lbx 2022/02/02 v3.17 biblatex localization (PK/MW)
)
Package biblatex Info: Input encoding 'utf8' detected.
Package biblatex Info: Automatic encoding selection.
(biblatex)             Assuming data encoding 'utf8'.
\openout5 = `01-chapter1.bcf'.

Package biblatex Info: Trying to load bibliographic data...
Package biblatex Info: ... file '01-chapter1.bbl' found.
(./01-chapter1.bbl)
Package biblatex Info: Reference section=0 on input line 145.
Package biblatex Info: Reference segment=0 on input line 145.
Chapter 1.
LaTeX Font Info:    Trying to load font information for T1+put on input line 16
2.
(c:/Users/keana/AppData/Roaming/TinyTeX/texmf-dist/tex/latex/psnfss/t1put.fd
File: t1put.fd 2001/06/04 font definitions for T1/put.
)
Package microtype Info: Loading generic protrusion settings for font family
(microtype)             `put' (encoding: T1).
(microtype)             For optimal results, create family-specific settings.
(microtype)             See the microtype manual for details.

LaTeX Warning: Citation 'Blau2017' on page 1 undefined on input line 170.


LaTeX Warning: Citation 'Goldin2006' on page 1 undefined on input line 170.


LaTeX Warning: Citation 'Stoet2014' on page 1 undefined on input line 170.


LaTeX Warning: Citation 'Bertrand2001' on page 1 undefined on input line 170.


LaTeX Warning: Citation 'Blau2017' on page 1 undefined on input line 170.


LaTeX Warning: Citation 'Blau2017' on page 1 undefined on input line 170.


LaTeX Warning: Citation 'Niederle2011' on page 1 undefined on input line 170.


Overfull \hbox (39.15056pt too wide) in paragraph at lines 173--173
|[]\T1/lmr/bx/n/17.28 (-20) Overview of lit on choice to com-pete - niederle200
7,
 []


LaTeX Warning: Citation 'Niederle2011' on page 1 undefined on input line 175.


LaTeX Warning: Citation 'Niederle2007' on page 1 undefined on input line 175.


LaTeX Warning: Citation 'Niederle2007' on page 1 undefined on input line 175.


LaTeX Warning: Citation 'Niederle2011' on page 1 undefined on input line 175.


LaTeX Warning: Citation 'Niederle2017a' on page 1 undefined on input line 175.


LaTeX Warning: Citation 'Niederle2017b' on page 1 undefined on input line 175.


LaTeX Warning: Citation 'Apicella2015' on page 1 undefined on input line 175.


LaTeX Warning: Citation 'Buser2014' on page 1 undefined on input line 175.


LaTeX Warning: Citation 'Sutter2016' on page 1 undefined on input line 175.


LaTeX Warning: Citation 'Andersen2013' on page 1 undefined on input line 175.


LaTeX Warning: Citation 'Buser2017b' on page 1 undefined on input line 175.


LaTeX Warning: Citation 'Sutter2010' on page 1 undefined on input line 175.


LaTeX Warning: Citation 'Dreber2014' on page 1 undefined on input line 175.


LaTeX Warning: Citation 'Mayr2012' on page 1 undefined on input line 175.


LaTeX Warning: Citation 'Apicella2015' on page 1 undefined on input line 175.


LaTeX Warning: Citation 'Saccardo2018' on page 1 undefined on input line 175.


LaTeX Warning: Citation 'Bjorvatn2016' on page 1 undefined on input line 175.


LaTeX Warning: Citation 'Sutter2015' on page 1 undefined on input line 175.


LaTeX Warning: Citation 'Frick2011' on page 1 undefined on input line 175.


LaTeX Warning: Citation 'Samek2019' on page 1 undefined on input line 175.


LaTeX Warning: Citation 'Iriberri2017' on page 1 undefined on input line 175.


LaTeX Warning: Citation 'Boschini2014' on page 1 undefined on input line 175.


LaTeX Warning: Citation 'Boschini2019' on page 1 undefined on input line 175.


LaTeX Warning: Citation 'Apicella2015' on page 1 undefined on input line 175.


LaTeX Warning: Citation 'Grosse2010' on page 1 undefined on input line 175.


LaTeX Warning: Citation 'Gunther2010' on page 1 undefined on input line 175.


LaTeX Warning: Citation 'Dreber2014' on page 1 undefined on input line 175.


LaTeX Warning: Citation 'Dreber2011' on page 1 undefined on input line 175.


LaTeX Warning: Citation 'Shurchkov2012' on page 1 undefined on input line 175.


LaTeX Warning: Citation 'Steele1997' on page 1 undefined on input line 175.


LaTeX Warning: Citation 'Spencer1999' on page 1 undefined on input line 175.


LaTeX Warning: Citation 'Spencer2016' on page 1 undefined on input line 175.


LaTeX Warning: Citation 'Gunther2010' on page 1 undefined on input line 175.


LaTeX Warning: Citation 'Grosse2010' on page 1 undefined on input line 175.


LaTeX Warning: Citation 'Iriberri2017' on page 1 undefined on input line 175.


LaTeX Warning: Citation 'Shurchkov2012' on page 1 undefined on input line 175.


Overfull \hbox (56.02426pt too wide) in paragraph at lines 175--176
[]\T1/lmr/m/n/12 (-20) , [], [], [], [], []].
 []


Overfull \hbox (23.90398pt too wide) in paragraph at lines 175--176
\T1/lmr/m/n/12 (-20) Draw-ing from the psy-chol-ogy lit-er-a-ture on stereo-typ
e threat [[], [],
 []

[1


{c:/Users/keana/AppData/Roaming/TinyTeX/texmf-var/fonts/map/pdftex/updmap/pdfte
x.map}]

LaTeX Warning: Citation 'Buser2014' on page 2 undefined on input line 180.


LaTeX Warning: Citation 'Zhang2012' on page 2 undefined on input line 180.


LaTeX Warning: Citation 'Berge2015' on page 2 undefined on input line 180.


LaTeX Warning: Citation 'Reuben2015' on page 2 undefined on input line 180.


LaTeX Warning: Citation 'Blau2017' on page 2 undefined on input line 180.

[2]

LaTeX Warning: Citation 'Niederle2011' on page 3 undefined on input line 185.


LaTeX Warning: Citation 'Veldhuizen2017' on page 3 undefined on input line 185.



LaTeX Warning: Citation 'Niederle2007' on page 3 undefined on input line 185.


LaTeX Warning: Citation 'Niederle2007' on page 3 undefined on input line 185.


LaTeX Warning: Citation 'Niederle2011' on page 3 undefined on input line 185.


LaTeX Warning: Citation 'Gillen2019' on page 3 undefined on input line 185.


LaTeX Warning: Citation 'Veldhuizen2017' on page 3 undefined on input line 185.


[3]

LaTeX Warning: Citation 'Niederle2011' on page 4 undefined on input line 192.


LaTeX Warning: Citation 'Moore2008' on page 4 undefined on input line 192.


LaTeX Warning: Citation 'Alicke2013' on page 4 undefined on input line 194.


LaTeX Warning: Citation 'Dunning2004b' on page 4 undefined on input line 194.


LaTeX Warning: Citation 'Mobius2011' on page 4 undefined on input line 194.


LaTeX Warning: Citation 'Niederle2011' on page 4 undefined on input line 194.


LaTeX Warning: Citation 'Croson2009' on page 4 undefined on input line 194.


LaTeX Warning: Citation 'Lundeberg1994' on page 4 undefined on input line 194.


LaTeX Warning: Citation 'Niederle2007' on page 4 undefined on input line 194.


LaTeX Warning: Citation 'Bertrand2010a' on page 4 undefined on input line 194.


LaTeX Warning: Citation 'Beyer1990' on page 4 undefined on input line 194.


LaTeX Warning: Citation 'Beyer1997' on page 4 undefined on input line 194.


LaTeX Warning: Citation 'Jakobsson2013' on page 4 undefined on input line 194.


LaTeX Warning: Citation 'Niederle2007' on page 4 undefined on input line 194.


LaTeX Warning: Citation 'Iriberri2017' on page 4 undefined on input line 194.


LaTeX Warning: Citation 'Boschini2014' on page 4 undefined on input line 194.


LaTeX Warning: Citation 'Boschini2019' on page 4 undefined on input line 194.


LaTeX Warning: Citation 'Apicella2015' on page 4 undefined on input line 194.


LaTeX Warning: Citation 'Grosse2010' on page 4 undefined on input line 194.


LaTeX Warning: Citation 'Gunther2010' on page 4 undefined on input line 194.


LaTeX Warning: Citation 'Dreber2014' on page 4 undefined on input line 194.


LaTeX Warning: Citation 'Dreber2011' on page 4 undefined on input line 194.


LaTeX Warning: Citation 'Shurchkov2012' on page 4 undefined on input line 194.


LaTeX Warning: Citation 'DattaGupta2013' on page 4 undefined on input line 194.



LaTeX Warning: Citation 'Booth2012' on page 4 undefined on input line 194.


LaTeX Warning: Citation 'Apicella2017a' on page 4 undefined on input line 194.


LaTeX Warning: Citation 'Bonte2018' on page 4 undefined on input line 194.


LaTeX Warning: Citation 'Carpenter2018' on page 4 undefined on input line 194.


LaTeX Warning: Citation 'Apicella2020' on page 4 undefined on input line 194.


LaTeX Warning: Citation 'Steele1997' on page 4 undefined on input line 194.


LaTeX Warning: Citation 'Spencer1999' on page 4 undefined on input line 194.


LaTeX Warning: Citation 'Spencer2016' on page 4 undefined on input line 194.


LaTeX Warning: Citation 'Gunther2010' on page 4 undefined on input line 194.


LaTeX Warning: Citation 'Grosse2010' on page 4 undefined on input line 194.


LaTeX Warning: Citation 'Iriberri2017' on page 4 undefined on input line 194.


LaTeX Warning: Citation 'Shurchkov2012' on page 4 undefined on input line 194.


LaTeX Warning: Citation 'Burow2017' on page 4 undefined on input line 194.


Overfull \hbox (75.94722pt too wide) in paragraph at lines 194--195
[]\T1/lmr/m/n/12 (-20) , [], [], [], [], []].
 []


Overfull \hbox (7.18019pt too wide) in paragraph at lines 194--195
[]\T1/lmr/m/n/12 (-20) , [], [], [], []], when
 []


Overfull \hbox (4.08539pt too wide) in paragraph at lines 194--195
\T1/lmr/m/n/12 (-20) against them-selves [[], [], [], []].
 []

[4]

LaTeX Warning: Citation 'Kahneman1982' on page 5 undefined on input line 199.


LaTeX Warning: Citation 'Eckel2008' on page 5 undefined on input line 199.


LaTeX Warning: Citation 'Charness2012' on page 5 undefined on input line 199.


LaTeX Warning: Citation 'Croson2009' on page 5 undefined on input line 199.


LaTeX Warning: Citation 'Bertrand2010a' on page 5 undefined on input line 199.


LaTeX Warning: Citation 'Apicella2017' on page 5 undefined on input line 199.


LaTeX Warning: Citation 'Harrison2007' on page 5 undefined on input line 199.


LaTeX Warning: Citation 'Filippin2016' on page 5 undefined on input line 199.


LaTeX Warning: Citation 'Gneezy2009' on page 5 undefined on input line 199.


LaTeX Warning: Citation 'Niederle2011' on page 5 undefined on input line 201.


LaTeX Warning: Citation 'Niederle2011' on page 5 undefined on input line 201.


LaTeX Warning: Citation 'Gillen2019' on page 5 undefined on input line 201.


LaTeX Warning: Citation 'Veldhuizen2017' on page 5 undefined on input line 201.



LaTeX Warning: Citation 'Gist1992' on page 5 undefined on input line 206.


LaTeX Warning: Citation 'Schunk1981' on page 5 undefined on input line 206.


LaTeX Warning: Citation 'Schunk1982' on page 5 undefined on input line 206.


LaTeX Warning: Citation 'Usher2008' on page 5 undefined on input line 206.


LaTeX Warning: Citation 'Lent1996' on page 5 undefined on input line 206.


LaTeX Warning: Citation 'Bandura1977a' on page 5 undefined on input line 206.


LaTeX Warning: Citation 'Sarsons2016' on page 5 undefined on input line 206.


LaTeX Warning: Citation 'Roll2011' on page 5 undefined on input line 206.


Overfull \hbox (23.13573pt too wide) in paragraph at lines 206--207
\T1/lmr/m/n/12 (-20) Preparation or train-ing on a task may in-crease one's con
-fi-dence [[], [],
 []

[5]

LaTeX Warning: Citation 'Krueger1994' on page 6 undefined on input line 208.


LaTeX Warning: Citation 'Gysler2002' on page 6 undefined on input line 208.


LaTeX Warning: Citation 'Apicella2017a' on page 6 undefined on input line 208.

[6]

LaTeX Warning: Citation 'Charness2021' on page 7 undefined on input line 213.


LaTeX Warning: Citation 'Charness2021' on page 7 undefined on input line 218.

[7]

LaTeX Warning: Citation 'Rand2012' on page 8 undefined on input line 222.


LaTeX Warning: Citation 'Buhrmester2011' on page 8 undefined on input line 222.


[8]

LaTeX Warning: Citation 'Niederle2007' on page 9 undefined on input line 233.


LaTeX Warning: Citation 'Oney2015' on page 9 undefined on input line 233.


LaTeX Warning: Citation 'Dohmen2011b' on page 9 undefined on input line 233.


LaTeX Warning: Citation 'Dohmen2011b' on page 9 undefined on input line 233.


LaTeX Warning: Citation 'Dohmen2011b' on page 9 undefined on input line 233.

[9] [10]

LaTeX Warning: Citation 'Rundus1971' on page 11 undefined on input line 237.

LaTeX Font Info:    Trying to load font information for OT1+lmr on input line 2
41.
(c:/Users/keana/AppData/Roaming/TinyTeX/texmf-dist/tex/latex/lm/ot1lmr.fd
File: ot1lmr.fd 2015/05/01 v1.6.1 Font defs for Latin Modern
)
LaTeX Font Info:    Trying to load font information for OML+lmm on input line 2
41.
(c:/Users/keana/AppData/Roaming/TinyTeX/texmf-dist/tex/latex/lm/omllmm.fd
File: omllmm.fd 2015/05/01 v1.6.1 Font defs for Latin Modern
)
LaTeX Font Info:    Trying to load font information for OMS+lmsy on input line 
241.
(c:/Users/keana/AppData/Roaming/TinyTeX/texmf-dist/tex/latex/lm/omslmsy.fd
File: omslmsy.fd 2015/05/01 v1.6.1 Font defs for Latin Modern
)
LaTeX Font Info:    Trying to load font information for OMX+lmex on input line 
241.
(c:/Users/keana/AppData/Roaming/TinyTeX/texmf-dist/tex/latex/lm/omxlmex.fd
File: omxlmex.fd 2015/05/01 v1.6.1 Font defs for Latin Modern
)
LaTeX Font Info:    External font `lmex10' loaded for size
(Font)              <12> on input line 241.
LaTeX Font Info:    External font `lmex10' loaded for size
(Font)              <8> on input line 241.
LaTeX Font Info:    External font `lmex10' loaded for size
(Font)              <6> on input line 241.
LaTeX Font Info:    Trying to load font information for U+msa on input line 241
.
(c:/Users/keana/AppData/Roaming/TinyTeX/texmf-dist/tex/latex/amsfonts/umsa.fd
File: umsa.fd 2013/01/14 v3.01 AMS symbols A
)
(c:/Users/keana/AppData/Roaming/TinyTeX/texmf-dist/tex/latex/microtype/mt-msa.c
fg
File: mt-msa.cfg 2006/02/04 v1.1 microtype config. file: AMS symbols (a) (RS)
)
LaTeX Font Info:    Trying to load font information for U+msb on input line 241
.
(c:/Users/keana/AppData/Roaming/TinyTeX/texmf-dist/tex/latex/amsfonts/umsb.fd
File: umsb.fd 2013/01/14 v3.01 AMS symbols B
)
(c:/Users/keana/AppData/Roaming/TinyTeX/texmf-dist/tex/latex/microtype/mt-msb.c
fg
File: mt-msb.cfg 2005/06/01 v1.0 microtype config. file: AMS symbols (b) (RS)
) [11] [12] [13]

LaTeX Warning: Citation 'Dohmen2011' on page 14 undefined on input line 251.


LaTeX Warning: Citation 'Niederle2007' on page 14 undefined on input line 256.

[14] [15] [16] [17]

LaTeX Warning: Citation 'Niederle2007' on page 18 undefined on input line 298.

[18] [19]

LaTeX Warning: Citation 'Milyavskaya2018' on page 20 undefined on input line 31
8.


LaTeX Warning: Citation 'Milyavskaya2018' on page 20 undefined on input line 31
8.


LaTeX Warning: Citation 'Meyer2015' on page 20 undefined on input line 318.

[20] [21]

LaTeX Warning: Reference `INSERT' on page 22 undefined on input line 325.

[22] [23] [24] [25] [26] [27] [28] [29] [30]
LaTeX Font Info:    Trying to load font information for TS1+lmr on input line 4
20.
(c:/Users/keana/AppData/Roaming/TinyTeX/texmf-dist/tex/latex/lm/ts1lmr.fd
File: ts1lmr.fd 2015/05/01 v1.6.1 Font defs for Latin Modern
) [31]

LaTeX Warning: Citation 'Croson2009' on page 32 undefined on input line 441.


LaTeX Warning: Citation 'Dohmen2011b' on page 32 undefined on input line 441.


LaTeX Warning: Citation 'Eckel2008' on page 32 undefined on input line 441.


LaTeX Warning: Citation 'Bertrand2010a' on page 32 undefined on input line 441.



LaTeX Warning: Citation 'Bertrand2010' on page 32 undefined on input line 441.


LaTeX Warning: Citation 'Lundeberg1994' on page 32 undefined on input line 441.



LaTeX Warning: Citation 'Mobius2011' on page 32 undefined on input line 441.


LaTeX Warning: Citation 'Barber2001' on page 32 undefined on input line 441.


LaTeX Warning: Citation 'Croson2009' on page 32 undefined on input line 441.


Overfull \hbox (1.04532pt too wide) in paragraph at lines 441--442
[]\T1/lmr/m/n/12 (-20) , [], []] and less con-fi-dent [[],
 []


LaTeX Warning: Citation 'Croson2009' on page 32 undefined on input line 445.


LaTeX Warning: Citation 'Dohmen2011b' on page 32 undefined on input line 445.


LaTeX Warning: Citation 'Eckel2008' on page 32 undefined on input line 445.


LaTeX Warning: Citation 'Bertrand2010a' on page 32 undefined on input line 445.



LaTeX Warning: Citation 'Bertrand2010' on page 32 undefined on input line 445.


LaTeX Warning: Citation 'Lundeberg1994' on page 32 undefined on input line 445.



LaTeX Warning: Citation 'Mobius2011' on page 32 undefined on input line 445.


LaTeX Warning: Citation 'Barber2001' on page 32 undefined on input line 445.

[32] [33]

LaTeX Warning: Citation 'Leslie2015' on page 34 undefined on input line 460.


LaTeX Warning: Citation 'Kenney-Benson2006' on page 34 undefined on input line 
460.


LaTeX Warning: Citation 'Mccrea2008' on page 34 undefined on input line 460.


LaTeX Warning: Citation 'Hirt2009' on page 34 undefined on input line 460.


LaTeX Warning: Citation 'Mccrea2008a' on page 34 undefined on input line 460.


LaTeX Warning: Citation 'Kimble2005' on page 34 undefined on input line 460.


LaTeX Warning: Citation 'Kenney-Benson2006' on page 34 undefined on input line 
460.


LaTeX Warning: Citation 'Charness2021' on page 34 undefined on input line 460.

[34]

LaTeX Warning: Citation 'Gist1992' on page 35 undefined on input line 465.


LaTeX Warning: Citation 'Usher2008' on page 35 undefined on input line 465.

[35] [36]

LaTeX Warning: Citation 'Babcock2012' on page 37 undefined on input line 479.


LaTeX Warning: Citation 'Bowles2007' on page 37 undefined on input line 479.


LaTeX Warning: Citation 'Toosi2019' on page 37 undefined on input line 479.


LaTeX Warning: Citation 'Smith2014' on page 37 undefined on input line 479.


LaTeX Warning: Citation 'Benjamin2010c' on page 37 undefined on input line 479.



LaTeX Warning: Citation 'Bertrand2015' on page 37 undefined on input line 479.


LaTeX Warning: Citation 'Akerlof2000' on page 37 undefined on input line 479.


LaTeX Warning: Citation 'Miller2016' on page 37 undefined on input line 479.

[37]
<C:/Users/keana/OneDrive - PennO365/Comp_transfer2018/Penn/practice_study/gende
r-practice/study1/figs/fig00_comp-choice-by-gender-and-cond-bar.png, id=413, 50
5.89pt x 505.89pt>
File: C:/Users/keana/OneDrive - PennO365/Comp_transfer2018/Penn/practice_study/
gender-practice/study1/figs/fig00_comp-choice-by-gender-and-cond-bar.png Graphi
c file (type png)
<use C:/Users/keana/OneDrive - PennO365/Comp_transfer2018/Penn/practice_study/g
ender-practice/study1/figs/fig00_comp-choice-by-gender-and-cond-bar.png>
Package pdftex.def Info: C:/Users/keana/OneDrive - PennO365/Comp_transfer2018/P
enn/practice_study/gender-practice/study1/figs/fig00_comp-choice-by-gender-and-
cond-bar.png  used on input line 497.
(pdftex.def)             Requested size: 2108.11575pt x 2108.6906pt.

Overfull \hbox (1687.01529pt too wide) in paragraph at lines 497--497
[][] 
 []


LaTeX Warning: Float too large for page by 1483.56026pt on input line 498.

[38]
<C:/Users/keana/OneDrive - PennO365/Comp_transfer2018/Penn/practice_study/gende
r-practice/study1/figs/fig01_pract-choice-by-gender-and-comp-choice-bar.png, id
=419, 505.89pt x 505.89pt>
File: C:/Users/keana/OneDrive - PennO365/Comp_transfer2018/Penn/practice_study/
gender-practice/study1/figs/fig01_pract-choice-by-gender-and-comp-choice-bar.pn
g Graphic file (type png)
<use C:/Users/keana/OneDrive - PennO365/Comp_transfer2018/Penn/practice_study/g
ender-practice/study1/figs/fig01_pract-choice-by-gender-and-comp-choice-bar.png
>
Package pdftex.def Info: C:/Users/keana/OneDrive - PennO365/Comp_transfer2018/P
enn/practice_study/gender-practice/study1/figs/fig01_pract-choice-by-gender-and
-comp-choice-bar.png  used on input line 501.
(pdftex.def)             Requested size: 2108.11575pt x 2108.6906pt.

Overfull \hbox (1687.01529pt too wide) in paragraph at lines 501--501
[][] 
 []


LaTeX Warning: Float too large for page by 1483.56026pt on input line 502.

<C:/Users/keana/OneDrive - PennO365/Comp_transfer2018/Penn/practice_study/gende
r-practice/study1/figs/fig03_perc-task-gender-pract.png, id=420, 505.89pt x 505
.89pt>
File: C:/Users/keana/OneDrive - PennO365/Comp_transfer2018/Penn/practice_study/
gender-practice/study1/figs/fig03_perc-task-gender-pract.png Graphic file (type
 png)
<use C:/Users/keana/OneDrive - PennO365/Comp_transfer2018/Penn/practice_study/g
ender-practice/study1/figs/fig03_perc-task-gender-pract.png>
Package pdftex.def Info: C:/Users/keana/OneDrive - PennO365/Comp_transfer2018/P
enn/practice_study/gender-practice/study1/figs/fig03_perc-task-gender-pract.png
  used on input line 505.
(pdftex.def)             Requested size: 2108.11575pt x 2108.6906pt.

Overfull \hbox (1687.01529pt too wide) in paragraph at lines 505--505
[][] 
 []


LaTeX Warning: Float too large for page by 1483.56026pt on input line 506.

<C:/Users/keana/OneDrive - PennO365/Comp_transfer2018/Penn/practice_study/gende
r-practice/study1/figs/fig04_better-gender-guess.png, id=421, 505.89pt x 505.89
pt>
File: C:/Users/keana/OneDrive - PennO365/Comp_transfer2018/Penn/practice_study/
gender-practice/study1/figs/fig04_better-gender-guess.png Graphic file (type pn
g)
<use C:/Users/keana/OneDrive - PennO365/Comp_transfer2018/Penn/practice_study/g
ender-practice/study1/figs/fig04_better-gender-guess.png>
Package pdftex.def Info: C:/Users/keana/OneDrive - PennO365/Comp_transfer2018/P
enn/practice_study/gender-practice/study1/figs/fig04_better-gender-guess.png  u
sed on input line 509.
(pdftex.def)             Requested size: 2108.11575pt x 2108.6906pt.

Overfull \hbox (1687.01529pt too wide) in paragraph at lines 509--509
[][] 
 []


LaTeX Warning: Float too large for page by 1483.56026pt on input line 510.

<C:/Users/keana/OneDrive - PennO365/Comp_transfer2018/Penn/practice_study/gende
r-practice/study1/figs/fig05_perc-gender-comp.png, id=422, 505.89pt x 505.89pt>

File: C:/Users/keana/OneDrive - PennO365/Comp_transfer2018/Penn/practice_study/
gender-practice/study1/figs/fig05_perc-gender-comp.png Graphic file (type png)
<use C:/Users/keana/OneDrive - PennO365/Comp_transfer2018/Penn/practice_study/g
ender-practice/study1/figs/fig05_perc-gender-comp.png>
Package pdftex.def Info: C:/Users/keana/OneDrive - PennO365/Comp_transfer2018/P
enn/practice_study/gender-practice/study1/figs/fig05_perc-gender-comp.png  used
 on input line 513.
(pdftex.def)             Requested size: 2108.11575pt x 2108.6906pt.

Overfull \hbox (1687.01529pt too wide) in paragraph at lines 513--513
[][] 
 []


LaTeX Warning: Float too large for page by 1483.56026pt on input line 514.

<C:/Users/keana/OneDrive - PennO365/Comp_transfer2018/Penn/practice_study/gende
r-practice/study1/figs/fig06_perc-gen-gender-pract.png, id=423, 505.89pt x 505.
89pt>
File: C:/Users/keana/OneDrive - PennO365/Comp_transfer2018/Penn/practice_study/
gender-practice/study1/figs/fig06_perc-gen-gender-pract.png Graphic file (type 
png)
<use C:/Users/keana/OneDrive - PennO365/Comp_transfer2018/Penn/practice_study/g
ender-practice/study1/figs/fig06_perc-gen-gender-pract.png>
Package pdftex.def Info: C:/Users/keana/OneDrive - PennO365/Comp_transfer2018/P
enn/practice_study/gender-practice/study1/figs/fig06_perc-gen-gender-pract.png 
 used on input line 517.
(pdftex.def)             Requested size: 2108.11575pt x 2108.6906pt.

Overfull \hbox (1687.01529pt too wide) in paragraph at lines 517--517
[][] 
 []


LaTeX Warning: Float too large for page by 1483.56026pt on input line 518.

<C:/Users/keana/OneDrive - PennO365/Comp_transfer2018/Penn/practice_study/gende
r-practice/study1/figs/fig07_pract-choice-by-gender.png, id=424, 505.89pt x 505
.89pt>
File: C:/Users/keana/OneDrive - PennO365/Comp_transfer2018/Penn/practice_study/
gender-practice/study1/figs/fig07_pract-choice-by-gender.png Graphic file (type
 png)
<use C:/Users/keana/OneDrive - PennO365/Comp_transfer2018/Penn/practice_study/g
ender-practice/study1/figs/fig07_pract-choice-by-gender.png>
Package pdftex.def Info: C:/Users/keana/OneDrive - PennO365/Comp_transfer2018/P
enn/practice_study/gender-practice/study1/figs/fig07_pract-choice-by-gender.png
  used on input line 521.
(pdftex.def)             Requested size: 2108.11575pt x 2108.6906pt.

Overfull \hbox (1687.01529pt too wide) in paragraph at lines 521--521
[][] 
 []


LaTeX Warning: Float too large for page by 1483.56026pt on input line 522.

<C:/Users/keana/OneDrive - PennO365/Comp_transfer2018/Penn/practice_study/gende
r-practice/study2/figs/fig00_comp-choice-women-by-cond.png, id=425, 505.89pt x 
505.89pt>
File: C:/Users/keana/OneDrive - PennO365/Comp_transfer2018/Penn/practice_study/
gender-practice/study2/figs/fig00_comp-choice-women-by-cond.png Graphic file (t
ype png)
<use C:/Users/keana/OneDrive - PennO365/Comp_transfer2018/Penn/practice_study/g
ender-practice/study2/figs/fig00_comp-choice-women-by-cond.png>
Package pdftex.def Info: C:/Users/keana/OneDrive - PennO365/Comp_transfer2018/P
enn/practice_study/gender-practice/study2/figs/fig00_comp-choice-women-by-cond.
png  used on input line 528.
(pdftex.def)             Requested size: 2108.11575pt x 2108.6906pt.

Overfull \hbox (1687.01529pt too wide) in paragraph at lines 528--528
[][] 
 []


LaTeX Warning: Float too large for page by 1510.76027pt on input line 529.

<C:/Users/keana/OneDrive - PennO365/Comp_transfer2018/Penn/practice_study/gende
r-practice/study2/figs/fig01_better-gender-guess.png, id=426, 505.89pt x 505.89
pt>
File: C:/Users/keana/OneDrive - PennO365/Comp_transfer2018/Penn/practice_study/
gender-practice/study2/figs/fig01_better-gender-guess.png Graphic file (type pn
g)
<use C:/Users/keana/OneDrive - PennO365/Comp_transfer2018/Penn/practice_study/g
ender-practice/study2/figs/fig01_better-gender-guess.png>
Package pdftex.def Info: C:/Users/keana/OneDrive - PennO365/Comp_transfer2018/P
enn/practice_study/gender-practice/study2/figs/fig01_better-gender-guess.png  u
sed on input line 532.
(pdftex.def)             Requested size: 2108.11575pt x 2108.6906pt.

Overfull \hbox (1687.01529pt too wide) in paragraph at lines 532--532
[][] 
 []


LaTeX Warning: Float too large for page by 1510.76027pt on input line 533.

<C:/Users/keana/OneDrive - PennO365/Comp_transfer2018/Penn/practice_study/gende
r-practice/study2/figs/fig02_perc-gender-comp.png, id=427, 505.89pt x 505.89pt>

File: C:/Users/keana/OneDrive - PennO365/Comp_transfer2018/Penn/practice_study/
gender-practice/study2/figs/fig02_perc-gender-comp.png Graphic file (type png)
<use C:/Users/keana/OneDrive - PennO365/Comp_transfer2018/Penn/practice_study/g
ender-practice/study2/figs/fig02_perc-gender-comp.png>
Package pdftex.def Info: C:/Users/keana/OneDrive - PennO365/Comp_transfer2018/P
enn/practice_study/gender-practice/study2/figs/fig02_perc-gender-comp.png  used
 on input line 536.
(pdftex.def)             Requested size: 2108.11575pt x 2108.6906pt.

Overfull \hbox (1687.01529pt too wide) in paragraph at lines 536--536
[][] 
 []


LaTeX Warning: Float too large for page by 1510.76027pt on input line 537.

<C:/Users/keana/OneDrive - PennO365/Comp_transfer2018/Penn/practice_study/gende
r-practice/study2/figs/fig03_perc-gen-gender-pract.png, id=428, 505.89pt x 505.
89pt>
File: C:/Users/keana/OneDrive - PennO365/Comp_transfer2018/Penn/practice_study/
gender-practice/study2/figs/fig03_perc-gen-gender-pract.png Graphic file (type 
png)
<use C:/Users/keana/OneDrive - PennO365/Comp_transfer2018/Penn/practice_study/g
ender-practice/study2/figs/fig03_perc-gen-gender-pract.png>
Package pdftex.def Info: C:/Users/keana/OneDrive - PennO365/Comp_transfer2018/P
enn/practice_study/gender-practice/study2/figs/fig03_perc-gen-gender-pract.png 
 used on input line 540.
(pdftex.def)             Requested size: 2108.11575pt x 2108.6906pt.

Overfull \hbox (1687.01529pt too wide) in paragraph at lines 540--540
[][] 
 []


LaTeX Warning: Float too large for page by 1510.76027pt on input line 541.

<C:/Users/keana/OneDrive - PennO365/Comp_transfer2018/Penn/practice_study/gende
r-practice/study2/figs/fig04_total-rev-count-by-gender-comp-choice.png, id=429,
 505.89pt x 505.89pt>
File: C:/Users/keana/OneDrive - PennO365/Comp_transfer2018/Penn/practice_study/
gender-practice/study2/figs/fig04_total-rev-count-by-gender-comp-choice.png Gra
phic file (type png)
<use C:/Users/keana/OneDrive - PennO365/Comp_transfer2018/Penn/practice_study/g
ender-practice/study2/figs/fig04_total-rev-count-by-gender-comp-choice.png>
Package pdftex.def Info: C:/Users/keana/OneDrive - PennO365/Comp_transfer2018/P
enn/practice_study/gender-practice/study2/figs/fig04_total-rev-count-by-gender-
comp-choice.png  used on input line 544.
(pdftex.def)             Requested size: 2108.11575pt x 2108.6906pt.

Overfull \hbox (1687.01529pt too wide) in paragraph at lines 544--544
[][] 
 []


LaTeX Warning: Float too large for page by 1510.76027pt on input line 545.

<C:/Users/keana/OneDrive - PennO365/Comp_transfer2018/Penn/practice_study/gende
r-practice/study4/figs/fig00_comp-choice-women-by-cond.png, id=430, 505.89pt x 
505.89pt>
File: C:/Users/keana/OneDrive - PennO365/Comp_transfer2018/Penn/practice_study/
gender-practice/study4/figs/fig00_comp-choice-women-by-cond.png Graphic file (t
ype png)
<use C:/Users/keana/OneDrive - PennO365/Comp_transfer2018/Penn/practice_study/g
ender-practice/study4/figs/fig00_comp-choice-women-by-cond.png>
Package pdftex.def Info: C:/Users/keana/OneDrive - PennO365/Comp_transfer2018/P
enn/practice_study/gender-practice/study4/figs/fig00_comp-choice-women-by-cond.
png  used on input line 551.
(pdftex.def)             Requested size: 2108.11575pt x 2108.6906pt.

Overfull \hbox (1687.01529pt too wide) in paragraph at lines 551--551
[][] 
 []


LaTeX Warning: Float too large for page by 1524.36028pt on input line 552.

<C:/Users/keana/OneDrive - PennO365/Comp_transfer2018/Penn/practice_study/gende
r-practice/study4/figs/fig01_pract-choice-by-gender-and-cond-bar.png, id=431, 5
05.89pt x 505.89pt>
File: C:/Users/keana/OneDrive - PennO365/Comp_transfer2018/Penn/practice_study/
gender-practice/study4/figs/fig01_pract-choice-by-gender-and-cond-bar.png Graph
ic file (type png)
<use C:/Users/keana/OneDrive - PennO365/Comp_transfer2018/Penn/practice_study/g
ender-practice/study4/figs/fig01_pract-choice-by-gender-and-cond-bar.png>
Package pdftex.def Info: C:/Users/keana/OneDrive - PennO365/Comp_transfer2018/P
enn/practice_study/gender-practice/study4/figs/fig01_pract-choice-by-gender-and
-cond-bar.png  used on input line 555.
(pdftex.def)             Requested size: 2108.11575pt x 2108.6906pt.

Overfull \hbox (1687.01529pt too wide) in paragraph at lines 555--555
[][] 
 []


LaTeX Warning: Float too large for page by 1483.56026pt on input line 556.


LaTeX Warning: Empty bibliography on input line 570.

Package minitoc Info: I0009
(minitoc)             Listing minitoc auxiliary files. 
(minitoc)             Creating the 01-chapter1.maf file.
\openout3 = `01-chapter1.maf'.

[39] [40 <c:/Users/keana/OneDrive - PennO365/Comp_transfer2018/Penn/practice_st
udy/gender-practice/study1/figs/fig00_comp-choice-by-gender-and-cond-bar.png>] 
[41 <c:/Users/keana/OneDrive - PennO365/Comp_transfer2018/Penn/practice_study/g
ender-practice/study1/figs/fig01_pract-choice-by-gender-and-comp-choice-bar.png
>] [42 <c:/Users/keana/OneDrive - PennO365/Comp_transfer2018/Penn/practice_stud
y/gender-practice/study1/figs/fig03_perc-task-gender-pract.png>] [43 <c:/Users/
keana/OneDrive - PennO365/Comp_transfer2018/Penn/practice_study/gender-practice
/study1/figs/fig04_better-gender-guess.png>] [44 <c:/Users/keana/OneDrive - Pen
nO365/Comp_transfer2018/Penn/practice_study/gender-practice/study1/figs/fig05_p
erc-gender-comp.png>] [45 <c:/Users/keana/OneDrive - PennO365/Comp_transfer2018
/Penn/practice_study/gender-practice/study1/figs/fig06_perc-gen-gender-pract.pn
g>] [46 <c:/Users/keana/OneDrive - PennO365/Comp_transfer2018/Penn/practice_stu
dy/gender-practice/study1/figs/fig07_pract-choice-by-gender.png>] [47 <c:/Users
/keana/OneDrive - PennO365/Comp_transfer2018/Penn/practice_study/gender-practic
e/study2/figs/fig00_comp-choice-women-by-cond.png>] [48 <c:/Users/keana/OneDriv
e - PennO365/Comp_transfer2018/Penn/practice_study/gender-practice/study2/figs/
fig01_better-gender-guess.png>] [49 <c:/Users/keana/OneDrive - PennO365/Comp_tr
ansfer2018/Penn/practice_study/gender-practice/study2/figs/fig02_perc-gender-co
mp.png>] [50 <c:/Users/keana/OneDrive - PennO365/Comp_transfer2018/Penn/practic
e_study/gender-practice/study2/figs/fig03_perc-gen-gender-pract.png>] [51 <c:/U
sers/keana/OneDrive - PennO365/Comp_transfer2018/Penn/practice_study/gender-pra
ctice/study2/figs/fig04_total-rev-count-by-gender-comp-choice.png>] [52 <c:/Use
rs/keana/OneDrive - PennO365/Comp_transfer2018/Penn/practice_study/gender-pract
ice/study4/figs/fig00_comp-choice-women-by-cond.png>] [53 <c:/Users/keana/OneDr
ive - PennO365/Comp_transfer2018/Penn/practice_study/gender-practice/study4/fig
s/fig01_pract-choice-by-gender-and-cond-bar.png>] (./01-chapter1.aux)

LaTeX Warning: There were undefined references.

Package rerunfilecheck Info: File `01-chapter1.out' has not changed.
(rerunfilecheck)             Checksum: 29E0BF3CC98839E8CFB9F998502AB252;11844.

Package biblatex Warning: Please (re)run Biber on the file:
(biblatex)                01-chapter1
(biblatex)                and rerun LaTeX afterwards.

Package logreq Info: Writing requests to '01-chapter1.run.xml'.
\openout1 = `01-chapter1.run.xml'.

 ) 
Here is how much of TeX's memory you used:
 30288 strings out of 480120
 557398 string characters out of 5889711
 1310993 words of memory out of 5000000
 47239 multiletter control sequences out of 15000+600000
 534813 words of font info for 173 fonts, out of 8000000 for 9000
 59 hyphenation exceptions out of 8191
 70i,6n,77p,3285b,1763s stack positions out of 5000i,500n,10000p,200000b,80000s
{c:/Users/keana/AppData/Roaming/TinyTeX/texmf-dist/fonts/enc/dvips/lm/lm-ec.e
nc}{c:/Users/keana/AppData/Roaming/TinyTeX/texmf-dist/fonts/enc/dvips/lm/lm-ts1
.enc}{c:/Users/keana/AppData/Roaming/TinyTeX/texmf-dist/fonts/enc/dvips/lm/lm-m
athsy.enc}{c:/Users/keana/AppData/Roaming/TinyTeX/texmf-dist/fonts/enc/dvips/lm
/lm-rm.enc}{c:/Users/keana/AppData/Roaming/TinyTeX/texmf-dist/fonts/enc/dvips/l
m/lm-mathit.enc}{c:/Users/keana/AppData/Roaming/TinyTeX/texmf-dist/fonts/enc/dv
ips/base/8r.enc}<c:/Users/keana/AppData/Roaming/TinyTeX/texmf-dist/fonts/type1/
public/lm/lmbx10.pfb><c:/Users/keana/AppData/Roaming/TinyTeX/texmf-dist/fonts/t
ype1/public/lm/lmbx12.pfb><c:/Users/keana/AppData/Roaming/TinyTeX/texmf-dist/fo
nts/type1/public/lm/lmmi12.pfb><c:/Users/keana/AppData/Roaming/TinyTeX/texmf-di
st/fonts/type1/public/lm/lmr10.pfb><c:/Users/keana/AppData/Roaming/TinyTeX/texm
f-dist/fonts/type1/public/lm/lmr12.pfb><c:/Users/keana/AppData/Roaming/TinyTeX/
texmf-dist/fonts/type1/public/lm/lmr17.pfb><c:/Users/keana/AppData/Roaming/Tiny
TeX/texmf-dist/fonts/type1/public/lm/lmr8.pfb><c:/Users/keana/AppData/Roaming/T
inyTeX/texmf-dist/fonts/type1/public/lm/lmri12.pfb><c:/Users/keana/AppData/Roam
ing/TinyTeX/texmf-dist/fonts/type1/public/lm/lmsy10.pfb><c:/Users/keana/AppData
/Roaming/TinyTeX/texmf-dist/fonts/type1/adobe/utopia/putb8a.pfb>
Output written on 01-chapter1.pdf (53 pages, 681497 bytes).
PDF statistics:
 606 PDF objects out of 1000 (max. 8388607)
 496 compressed objects within 5 object streams
 156 named destinations out of 1000 (max. 500000)
 30119 words of extra memory for PDF output out of 35830 (max. 10000000)

