\BOOKMARK [0][-]{Doc-Start}{\376\377\000A\000c\000k\000n\000o\000w\000l\000e\000d\000g\000e\000m\000e\000n\000t\000s}{}% 1
\BOOKMARK [0][-]{chapter*.1}{\376\377\000A\000B\000S\000T\000R\000A\000C\000T}{}% 2
\BOOKMARK [0][-]{chapter*.4}{\376\377\000L\000i\000s\000t\000\040\000o\000f\000\040\000F\000i\000g\000u\000r\000e\000s}{}% 3
\BOOKMARK [0][-]{chapter*.5}{\376\377\000L\000i\000s\000t\000\040\000o\000f\000\040\000T\000a\000b\000l\000e\000s}{}% 4
\BOOKMARK [0][-]{chapter.1}{\376\377\000C\000h\000a\000p\000t\000e\000r\000\040\0001}{}% 5
\BOOKMARK [1][-]{section.1.1}{\376\377\000I\000n\000t\000r\000o\000d\000u\000c\000t\000i\000o\000n}{chapter.1}% 6
\BOOKMARK [1][-]{section.1.2}{\376\377\000S\000t\000u\000d\000y\000\040\0001}{chapter.1}% 7
\BOOKMARK [1][-]{section.1.3}{\376\377\000S\000t\000u\000d\000y\000\040\0002}{chapter.1}% 8
\BOOKMARK [1][-]{section.1.4}{\376\377\000D\000i\000s\000c\000u\000s\000s\000i\000o\000n}{chapter.1}% 9
\BOOKMARK [1][-]{section.1.5}{\376\377\000D\000e\000s\000c\000r\000i\000b\000i\000n\000g\000\040\000g\000o\000a\000l\000s\000\040\000o\000f\000\040\000r\000e\000s\000e\000a\000r\000c\000h\000\040\000a\000n\000d\000\040\000m\000a\000i\000n\000\040\000d\000e\000s\000c\000r\000i\000p\000t\000i\000v\000e\000\040\000f\000i\000n\000d\000i\000n\000g\000s}{chapter.1}% 10
\BOOKMARK [1][-]{section.1.6}{\376\377\000S\000u\000m\000m\000a\000r\000i\000z\000i\000n\000g\000\040\000e\000f\000f\000e\000c\000t\000s\000\040\000o\000f\000\040\000p\000r\000e\000p\000a\000r\000a\000t\000i\000o\000n\000\040\000c\000o\000n\000d\000i\000t\000i\000o\000n\000\040\000o\000n\000\040\000c\000h\000o\000i\000c\000e\000\040\000t\000o\000\040\000c\000o\000m\000p\000e\000t\000e}{chapter.1}% 11
\BOOKMARK [1][-]{section.1.7}{\376\377\000S\000u\000m\000m\000a\000r\000i\000z\000i\000n\000g\000\040\000e\000f\000f\000e\000c\000t\000s\000\040\000o\000f\000\040\000g\000e\000n\000d\000e\000r\000\040\000o\000n\000\040\000p\000r\000a\000c\000t\000i\000c\000e}{chapter.1}% 12
\BOOKMARK [1][-]{section.1.8}{\376\377\000s\000u\000m\000m\000a\000r\000y\000\040\000o\000f\000\040\000e\000f\000f\000e\000c\000t\000s\000\040\000o\000f\000\040\000p\000e\000r\000c\000e\000p\000t\000i\000o\000n\000s\000\040\000o\000f\000\040\000g\000e\000n\000d\000e\000r\000\040\000d\000i\000f\000f}{chapter.1}% 13
\BOOKMARK [1][-]{section.1.9}{\376\377\000c\000o\000n\000c\000l\000u\000s\000i\000o\000n}{chapter.1}% 14
\BOOKMARK [1][-]{section.1.10}{\376\377\000n\000e\000w\000\040\000o\000u\000t\000l\000i\000n\000e}{chapter.1}% 15
\BOOKMARK [1][-]{section.1.11}{\376\377\000F\000i\000g\000u\000r\000e\000s}{chapter.1}% 16
\BOOKMARK [1][-]{section.1.12}{\376\377\000S\000t\000u\000d\000y\000\040\0001}{chapter.1}% 17
\BOOKMARK [1][-]{section.1.13}{\376\377\000S\000t\000u\000d\000y\000\040\0002}{chapter.1}% 18
\BOOKMARK [1][-]{section.1.14}{\376\377\000S\000t\000u\000d\000y\000\040\0003}{chapter.1}% 19
\BOOKMARK [0][-]{appendix.A}{\376\377\000T\000h\000e\000\040\000F\000i\000r\000s\000t\000\040\000A\000p\000p\000e\000n\000d\000i\000x}{}% 20
\BOOKMARK [0][-]{appendix.B}{\376\377\000T\000h\000e\000\040\000S\000e\000c\000o\000n\000d\000\040\000A\000p\000p\000e\000n\000d\000i\000x\000,\000\040\000f\000o\000r\000\040\000F\000u\000n}{}% 21
